$ RADICAL_PILOT_VERBOSE='debug' SAGA_VERBOSE='debug' extasy --RPconfig archer.rcfg --Kconfig gromacslsdmap.wcfg 2> extasy.log 
Session UID: 54835b732330e07dae2dfe6c 
Pilot UID       : 54835b732330e07dae2dfe6e 
[Callback]: ComputePilot '54835b732330e07dae2dfe6e' state changed to Launching.
Loading kernel configurations from /home/vivek/Research/rc5-tests/test/lib/python2.7/site-packages/radical/ensemblemd/mdkernels/configs/lsdmap.json
Loading kernel configurations from /home/vivek/Research/rc5-tests/test/lib/python2.7/site-packages/radical/ensemblemd/mdkernels/configs/coco.json
Loading kernel configurations from /home/vivek/Research/rc5-tests/test/lib/python2.7/site-packages/radical/ensemblemd/mdkernels/configs/test.json
Loading kernel configurations from /home/vivek/Research/rc5-tests/test/lib/python2.7/site-packages/radical/ensemblemd/mdkernels/configs/sleep.json
Loading kernel configurations from /home/vivek/Research/rc5-tests/test/lib/python2.7/site-packages/radical/ensemblemd/mdkernels/configs/mmpbsa.json
Loading kernel configurations from /home/vivek/Research/rc5-tests/test/lib/python2.7/site-packages/radical/ensemblemd/mdkernels/configs/amber.json
Loading kernel configurations from /home/vivek/Research/rc5-tests/test/lib/python2.7/site-packages/radical/ensemblemd/mdkernels/configs/namd.json
Loading kernel configurations from /home/vivek/Research/rc5-tests/test/lib/python2.7/site-packages/radical/ensemblemd/mdkernels/configs/gromacs.json
Cycle : 0
Preprocessing stage ....
[Callback]: ComputeUnit '54835b782330e07dae2dfe70' state changed to PendingInputStaging.
[Callback]: ComputeUnit '54835b782330e07dae2dfe70' state changed to StagingInput.
[Callback]: ComputeUnit '54835b782330e07dae2dfe70' state changed to PendingExecution.
[Callback]: ComputePilot '54835b732330e07dae2dfe6e' state changed to PendingActive.
[Callback]: ComputePilot '54835b732330e07dae2dfe6e' state changed to Active.
[Callback]: ComputeUnit '54835b782330e07dae2dfe70' state changed to Scheduling.
[Callback]: ComputeUnit '54835b782330e07dae2dfe70' state changed to Executing.
[Callback]: ComputeUnit '54835b782330e07dae2dfe70' state changed to Done.
Starting Simulation
[Callback]: ComputeUnit '54835c322330e07dae2dfe7b' state changed to PendingExecution.
[Callback]: ComputeUnit '54835c322330e07dae2dfe7d' state changed to PendingExecution.
[Callback]: ComputeUnit '54835c322330e07dae2dfe88' state changed to PendingExecution.
[Callback]: ComputeUnit '54835c322330e07dae2dfe7e' state changed to PendingExecution.
[Callback]: ComputeUnit '54835c322330e07dae2dfe79' state changed to PendingExecution.
[Callback]: ComputeUnit '54835c322330e07dae2dfe7f' state changed to PendingExecution.
[Callback]: ComputeUnit '54835c322330e07dae2dfe7a' state changed to PendingExecution.
[Callback]: ComputeUnit '54835c322330e07dae2dfe73' state changed to PendingExecution.
[Callback]: ComputeUnit '54835c322330e07dae2dfe80' state changed to PendingExecution.
[Callback]: ComputeUnit '54835c322330e07dae2dfe75' state changed to PendingExecution.
[Callback]: ComputeUnit '54835c322330e07dae2dfe81' state changed to PendingExecution.
[Callback]: ComputeUnit '54835c322330e07dae2dfe78' state changed to PendingExecution.
[Callback]: ComputeUnit '54835c322330e07dae2dfe76' state changed to PendingExecution.
[Callback]: ComputeUnit '54835c322330e07dae2dfe82' state changed to PendingExecution.
[Callback]: ComputeUnit '54835c322330e07dae2dfe7c' state changed to PendingExecution.
[Callback]: ComputeUnit '54835c322330e07dae2dfe83' state changed to PendingExecution.
[Callback]: ComputeUnit '54835c322330e07dae2dfe74' state changed to PendingExecution.
[Callback]: ComputeUnit '54835c322330e07dae2dfe84' state changed to PendingExecution.
[Callback]: ComputeUnit '54835c322330e07dae2dfe85' state changed to PendingExecution.
[Callback]: ComputeUnit '54835c322330e07dae2dfe72' state changed to PendingExecution.
[Callback]: ComputeUnit '54835c322330e07dae2dfe77' state changed to PendingExecution.
[Callback]: ComputeUnit '54835c322330e07dae2dfe86' state changed to PendingExecution.
[Callback]: ComputeUnit '54835c322330e07dae2dfe71' state changed to PendingExecution.
[Callback]: ComputeUnit '54835c322330e07dae2dfe87' state changed to PendingExecution.
[Callback]: ComputeUnit '54835c322330e07dae2dfe71' state changed to Scheduling.
[Callback]: ComputeUnit '54835c322330e07dae2dfe71' state changed to Executing.
[Callback]: ComputeUnit '54835c322330e07dae2dfe72' state changed to Scheduling.
[Callback]: ComputeUnit '54835c322330e07dae2dfe72' state changed to Executing.
[Callback]: ComputeUnit '54835c322330e07dae2dfe73' state changed to Scheduling.
[Callback]: ComputeUnit '54835c322330e07dae2dfe73' state changed to Executing.
[Callback]: ComputeUnit '54835c322330e07dae2dfe74' state changed to Scheduling.
[Callback]: ComputeUnit '54835c322330e07dae2dfe74' state changed to Executing.
[Callback]: ComputeUnit '54835c322330e07dae2dfe88' state changed to Scheduling.
[Callback]: ComputeUnit '54835c322330e07dae2dfe88' state changed to Executing.
[Callback]: ComputeUnit '54835c322330e07dae2dfe7e' state changed to Scheduling.
[Callback]: ComputeUnit '54835c322330e07dae2dfe7e' state changed to Executing.
[Callback]: ComputeUnit '54835c322330e07dae2dfe7f' state changed to Scheduling.
[Callback]: ComputeUnit '54835c322330e07dae2dfe7f' state changed to Executing.
[Callback]: ComputeUnit '54835c322330e07dae2dfe80' state changed to Scheduling.
[Callback]: ComputeUnit '54835c322330e07dae2dfe80' state changed to Executing.
[Callback]: ComputeUnit '54835c322330e07dae2dfe81' state changed to Scheduling.
[Callback]: ComputeUnit '54835c322330e07dae2dfe81' state changed to Executing.
[Callback]: ComputeUnit '54835c322330e07dae2dfe82' state changed to Scheduling.
[Callback]: ComputeUnit '54835c322330e07dae2dfe82' state changed to Executing.
[Callback]: ComputeUnit '54835c322330e07dae2dfe83' state changed to Scheduling.
[Callback]: ComputeUnit '54835c322330e07dae2dfe83' state changed to Executing.
[Callback]: ComputeUnit '54835c322330e07dae2dfe84' state changed to Scheduling.
[Callback]: ComputeUnit '54835c322330e07dae2dfe84' state changed to Executing.
[Callback]: ComputeUnit '54835c322330e07dae2dfe85' state changed to Scheduling.
[Callback]: ComputeUnit '54835c322330e07dae2dfe85' state changed to Executing.
[Callback]: ComputeUnit '54835c322330e07dae2dfe86' state changed to Scheduling.
[Callback]: ComputeUnit '54835c322330e07dae2dfe86' state changed to Executing.
[Callback]: ComputeUnit '54835c322330e07dae2dfe87' state changed to Scheduling.
[Callback]: ComputeUnit '54835c322330e07dae2dfe87' state changed to Executing.
[Callback]: ComputeUnit '54835c322330e07dae2dfe7b' state changed to Scheduling.
[Callback]: ComputeUnit '54835c322330e07dae2dfe7b' state changed to Executing.
[Callback]: ComputeUnit '54835c322330e07dae2dfe7d' state changed to Scheduling.
[Callback]: ComputeUnit '54835c322330e07dae2dfe7d' state changed to Executing.
[Callback]: ComputeUnit '54835c322330e07dae2dfe79' state changed to Scheduling.
[Callback]: ComputeUnit '54835c322330e07dae2dfe79' state changed to Executing.
[Callback]: ComputeUnit '54835c322330e07dae2dfe7a' state changed to Scheduling.
[Callback]: ComputeUnit '54835c322330e07dae2dfe7a' state changed to Executing.
[Callback]: ComputeUnit '54835c322330e07dae2dfe75' state changed to Scheduling.
[Callback]: ComputeUnit '54835c322330e07dae2dfe75' state changed to Executing.
[Callback]: ComputeUnit '54835c322330e07dae2dfe78' state changed to Scheduling.
[Callback]: ComputeUnit '54835c322330e07dae2dfe78' state changed to Executing.
[Callback]: ComputeUnit '54835c322330e07dae2dfe76' state changed to Scheduling.
[Callback]: ComputeUnit '54835c322330e07dae2dfe76' state changed to Executing.
[Callback]: ComputeUnit '54835c322330e07dae2dfe7c' state changed to Scheduling.
[Callback]: ComputeUnit '54835c322330e07dae2dfe7c' state changed to Executing.
[Callback]: ComputeUnit '54835c322330e07dae2dfe77' state changed to Scheduling.
[Callback]: ComputeUnit '54835c322330e07dae2dfe77' state changed to Executing.
[Callback]: ComputeUnit '54835c322330e07dae2dfe71' state changed to Done.
[Callback]: ComputeUnit '54835c322330e07dae2dfe87' state changed to Done.
[Callback]: ComputeUnit '54835c322330e07dae2dfe74' state changed to Done.
[Callback]: ComputeUnit '54835c322330e07dae2dfe88' state changed to Done.
[Callback]: ComputeUnit '54835c322330e07dae2dfe76' state changed to Done.
[Callback]: ComputeUnit '54835c322330e07dae2dfe7c' state changed to Done.
[Callback]: ComputeUnit '54835c322330e07dae2dfe79' state changed to Done.
[Callback]: ComputeUnit '54835c322330e07dae2dfe84' state changed to Done.
[Callback]: ComputeUnit '54835c322330e07dae2dfe7e' state changed to Done.
[Callback]: ComputeUnit '54835c322330e07dae2dfe75' state changed to Done.
[Callback]: ComputeUnit '54835c322330e07dae2dfe83' state changed to Done.
[Callback]: ComputeUnit '54835c322330e07dae2dfe85' state changed to Done.
[Callback]: ComputeUnit '54835c322330e07dae2dfe82' state changed to Done.
[Callback]: ComputeUnit '54835c322330e07dae2dfe7d' state changed to Done.
[Callback]: ComputeUnit '54835c322330e07dae2dfe72' state changed to Done.
[Callback]: ComputeUnit '54835c322330e07dae2dfe7f' state changed to Done.
[Callback]: ComputeUnit '54835c322330e07dae2dfe78' state changed to Done.
[Callback]: ComputeUnit '54835c322330e07dae2dfe77' state changed to Done.
[Callback]: ComputeUnit '54835c322330e07dae2dfe81' state changed to Done.
[Callback]: ComputeUnit '54835c322330e07dae2dfe7b' state changed to Done.
[Callback]: ComputeUnit '54835c322330e07dae2dfe7a' state changed to Done.
[Callback]: ComputeUnit '54835c322330e07dae2dfe80' state changed to Done.
[Callback]: ComputeUnit '54835c322330e07dae2dfe73' state changed to Done.
[Callback]: ComputeUnit '54835c322330e07dae2dfe86' state changed to Done.
Simulation Execution Time :  202.904
Starting Analysis
[Callback]: ComputeUnit '54835cff2330e07dae2dfe89' state changed to PendingExecution.
[Callback]: ComputeUnit '54835cff2330e07dae2dfe89' state changed to Scheduling.
[Callback]: ComputeUnit '54835cff2330e07dae2dfe89' state changed to Executing.
[Callback]: ComputeUnit '54835cff2330e07dae2dfe89' state changed to Done.
Select + Reweighting step
[Callback]: ComputeUnit '54835d172330e07dae2dfe8a' state changed to PendingExecution.
[Callback]: ComputeUnit '54835d172330e07dae2dfe8a' state changed to Scheduling.
[Callback]: ComputeUnit '54835d172330e07dae2dfe8a' state changed to Executing.
[Callback]: ComputeUnit '54835d172330e07dae2dfe8a' state changed to StagingOutput.
[Callback]: ComputeUnit '54835d172330e07dae2dfe8a' state changed to Done.
Analysis Execution time :  28.539
Cycle : 1
Preprocessing stage ....
[Callback]: ComputeUnit '54835d232330e07dae2dfe8b' state changed to PendingInputStaging.
[Callback]: ComputeUnit '54835d232330e07dae2dfe8b' state changed to StagingInput.
[Callback]: ComputeUnit '54835d232330e07dae2dfe8b' state changed to PendingExecution.
[Callback]: ComputeUnit '54835d232330e07dae2dfe8b' state changed to Scheduling.
[Callback]: ComputeUnit '54835d232330e07dae2dfe8b' state changed to Executing.
[Callback]: ComputeUnit '54835d232330e07dae2dfe8b' state changed to Done.
Starting Simulation
[Callback]: ComputeUnit '54835d462330e07dae2dfe99' state changed to PendingExecution.
[Callback]: ComputeUnit '54835d462330e07dae2dfe98' state changed to PendingExecution.
[Callback]: ComputeUnit '54835d462330e07dae2dfe8c' state changed to PendingExecution.
[Callback]: ComputeUnit '54835d462330e07dae2dfe9e' state changed to PendingExecution.
[Callback]: ComputeUnit '54835d462330e07dae2dfe9f' state changed to PendingExecution.
[Callback]: ComputeUnit '54835d462330e07dae2dfe8e' state changed to Scheduling.
[Callback]: ComputeUnit '54835d462330e07dae2dfe8f' state changed to PendingExecution.
[Callback]: ComputeUnit '54835d462330e07dae2dfe97' state changed to PendingExecution.
[Callback]: ComputeUnit '54835d462330e07dae2dfe91' state changed to PendingExecution.
[Callback]: ComputeUnit '54835d462330e07dae2dfe9b' state changed to PendingExecution.
[Callback]: ComputeUnit '54835d462330e07dae2dfe95' state changed to PendingExecution.
[Callback]: ComputeUnit '54835d462330e07dae2dfe8e' state changed to Executing.
[Callback]: ComputeUnit '54835d462330e07dae2dfe8f' state changed to Scheduling.
[Callback]: ComputeUnit '54835d462330e07dae2dfe9c' state changed to PendingExecution.
[Callback]: ComputeUnit '54835d462330e07dae2dfea2' state changed to PendingExecution.
[Callback]: ComputeUnit '54835d462330e07dae2dfea3' state changed to PendingExecution.
[Callback]: ComputeUnit '54835d462330e07dae2dfe92' state changed to PendingExecution.
[Callback]: ComputeUnit '54835d462330e07dae2dfe9a' state changed to PendingExecution.
[Callback]: ComputeUnit '54835d462330e07dae2dfe94' state changed to PendingExecution.
[Callback]: ComputeUnit '54835d462330e07dae2dfe96' state changed to PendingExecution.
[Callback]: ComputeUnit '54835d462330e07dae2dfe9d' state changed to PendingExecution.
[Callback]: ComputeUnit '54835d462330e07dae2dfea1' state changed to PendingExecution.
[Callback]: ComputeUnit '54835d462330e07dae2dfe8f' state changed to Executing.
[Callback]: ComputeUnit '54835d462330e07dae2dfe92' state changed to Scheduling.
[Callback]: ComputeUnit '54835d462330e07dae2dfe93' state changed to PendingExecution.
[Callback]: ComputeUnit '54835d462330e07dae2dfea0' state changed to PendingExecution.
[Callback]: ComputeUnit '54835d462330e07dae2dfe90' state changed to PendingExecution.
[Callback]: ComputeUnit '54835d462330e07dae2dfe8d' state changed to PendingExecution.
[Callback]: ComputeUnit '54835d462330e07dae2dfe92' state changed to Executing.
[Callback]: ComputeUnit '54835d462330e07dae2dfe90' state changed to Scheduling.
[Callback]: ComputeUnit '54835d462330e07dae2dfe90' state changed to Executing.
[Callback]: ComputeUnit '54835d462330e07dae2dfe94' state changed to Scheduling.
[Callback]: ComputeUnit '54835d462330e07dae2dfe94' state changed to Executing.
[Callback]: ComputeUnit '54835d462330e07dae2dfe96' state changed to Scheduling.
[Callback]: ComputeUnit '54835d462330e07dae2dfe96' state changed to Executing.
[Callback]: ComputeUnit '54835d462330e07dae2dfe97' state changed to Scheduling.
[Callback]: ComputeUnit '54835d462330e07dae2dfe97' state changed to Executing.
[Callback]: ComputeUnit '54835d462330e07dae2dfe9b' state changed to Scheduling.
[Callback]: ComputeUnit '54835d462330e07dae2dfe9b' state changed to Executing.
[Callback]: ComputeUnit '54835d462330e07dae2dfe8c' state changed to Scheduling.
[Callback]: ComputeUnit '54835d462330e07dae2dfe8c' state changed to Executing.
[Callback]: ComputeUnit '54835d462330e07dae2dfe8d' state changed to Scheduling.
[Callback]: ComputeUnit '54835d462330e07dae2dfe8d' state changed to Executing.
[Callback]: ComputeUnit '54835d462330e07dae2dfe91' state changed to Scheduling.
[Callback]: ComputeUnit '54835d462330e07dae2dfe91' state changed to Executing.
[Callback]: ComputeUnit '54835d462330e07dae2dfe93' state changed to Scheduling.
[Callback]: ComputeUnit '54835d462330e07dae2dfe93' state changed to Executing.
[Callback]: ComputeUnit '54835d462330e07dae2dfe95' state changed to Scheduling.
[Callback]: ComputeUnit '54835d462330e07dae2dfe95' state changed to Executing.
[Callback]: ComputeUnit '54835d462330e07dae2dfe98' state changed to Scheduling.
[Callback]: ComputeUnit '54835d462330e07dae2dfe98' state changed to Executing.
[Callback]: ComputeUnit '54835d462330e07dae2dfe99' state changed to Scheduling.
[Callback]: ComputeUnit '54835d462330e07dae2dfe99' state changed to Executing.
[Callback]: ComputeUnit '54835d462330e07dae2dfe9a' state changed to Scheduling.
[Callback]: ComputeUnit '54835d462330e07dae2dfe9a' state changed to Executing.
[Callback]: ComputeUnit '54835d462330e07dae2dfe9c' state changed to Scheduling.
[Callback]: ComputeUnit '54835d462330e07dae2dfe9c' state changed to Executing.
[Callback]: ComputeUnit '54835d462330e07dae2dfe9d' state changed to Scheduling.
[Callback]: ComputeUnit '54835d462330e07dae2dfe9d' state changed to Executing.
[Callback]: ComputeUnit '54835d462330e07dae2dfe9e' state changed to Scheduling.
[Callback]: ComputeUnit '54835d462330e07dae2dfe9e' state changed to Executing.
[Callback]: ComputeUnit '54835d462330e07dae2dfe9f' state changed to Scheduling.
[Callback]: ComputeUnit '54835d462330e07dae2dfe9f' state changed to Executing.
[Callback]: ComputeUnit '54835d462330e07dae2dfea0' state changed to Scheduling.
[Callback]: ComputeUnit '54835d462330e07dae2dfea0' state changed to Executing.
[Callback]: ComputeUnit '54835d462330e07dae2dfea1' state changed to Scheduling.
[Callback]: ComputeUnit '54835d462330e07dae2dfea1' state changed to Executing.
[Callback]: ComputeUnit '54835d462330e07dae2dfea2' state changed to Scheduling.
[Callback]: ComputeUnit '54835d462330e07dae2dfea2' state changed to Executing.
[Callback]: ComputeUnit '54835d462330e07dae2dfea3' state changed to Scheduling.
[Callback]: ComputeUnit '54835d462330e07dae2dfea3' state changed to Executing.
[Callback]: ComputeUnit '54835d462330e07dae2dfe8e' state changed to Done.
[Callback]: ComputeUnit '54835d462330e07dae2dfea3' state changed to Done.
[Callback]: ComputeUnit '54835d462330e07dae2dfea0' state changed to Done.
[Callback]: ComputeUnit '54835d462330e07dae2dfe98' state changed to Done.
[Callback]: ComputeUnit '54835d462330e07dae2dfea1' state changed to Done.
[Callback]: ComputeUnit '54835d462330e07dae2dfe8c' state changed to Done.
[Callback]: ComputeUnit '54835d462330e07dae2dfe97' state changed to Done.
[Callback]: ComputeUnit '54835d462330e07dae2dfe8f' state changed to Done.
[Callback]: ComputeUnit '54835d462330e07dae2dfe9d' state changed to Done.
[Callback]: ComputeUnit '54835d462330e07dae2dfe91' state changed to Done.
[Callback]: ComputeUnit '54835d462330e07dae2dfe9a' state changed to Done.
[Callback]: ComputeUnit '54835d462330e07dae2dfea2' state changed to Done.
[Callback]: ComputeUnit '54835d462330e07dae2dfe99' state changed to Done.
[Callback]: ComputeUnit '54835d462330e07dae2dfe9c' state changed to Done.
[Callback]: ComputeUnit '54835d462330e07dae2dfe9f' state changed to Done.
[Callback]: ComputeUnit '54835d462330e07dae2dfe9b' state changed to Done.
[Callback]: ComputeUnit '54835d462330e07dae2dfe96' state changed to Done.
[Callback]: ComputeUnit '54835d462330e07dae2dfe93' state changed to Done.
[Callback]: ComputeUnit '54835d462330e07dae2dfe90' state changed to Done.
[Callback]: ComputeUnit '54835d462330e07dae2dfe8d' state changed to Done.
[Callback]: ComputeUnit '54835d462330e07dae2dfe9e' state changed to Done.
[Callback]: ComputeUnit '54835d462330e07dae2dfe95' state changed to Done.
[Callback]: ComputeUnit '54835d462330e07dae2dfe94' state changed to Done.
[Callback]: ComputeUnit '54835d462330e07dae2dfe92' state changed to Done.
Simulation Execution Time :  263.128
Starting Analysis
[Callback]: ComputeUnit '54835e4f2330e07dae2dfea4' state changed to PendingExecution.
[Callback]: ComputeUnit '54835e4f2330e07dae2dfea4' state changed to Scheduling.
[Callback]: ComputeUnit '54835e4f2330e07dae2dfea4' state changed to Executing.
[Callback]: ComputeUnit '54835e4f2330e07dae2dfea4' state changed to Done.
Select + Reweighting step
[Callback]: ComputeUnit '54835e612330e07dae2dfea5' state changed to Scheduling.
[Callback]: ComputeUnit '54835e612330e07dae2dfea5' state changed to Executing.
[Callback]: ComputeUnit '54835e612330e07dae2dfea5' state changed to StagingOutput.
[Callback]: ComputeUnit '54835e612330e07dae2dfea5' state changed to Done.
Analysis Execution time :  22.387
Closing session, exiting now ...
[Callback]: ComputePilot '54835b732330e07dae2dfe6e' state changed to Canceled.
