$ RADICAL_PILOT_VERBOSE='debug' SAGA_VERBOSE='debug' extasy --RPconfig stampede.rcfg --Kconfig cocoamber.wcfg 2> extasy.log 
Session UID: 5485b62e2330e03c67f535d6 
Pilot UID       : 5485b62f2330e03c67f535d8 
Loading kernel configurations from /home/vivek/Research/rc5-tests/test/lib/python2.7/site-packages/radical/ensemblemd/mdkernels/configs/lsdmap.json
Loading kernel configurations from /home/vivek/Research/rc5-tests/test/lib/python2.7/site-packages/radical/ensemblemd/mdkernels/configs/coco.json
Loading kernel configurations from /home/vivek/Research/rc5-tests/test/lib/python2.7/site-packages/radical/ensemblemd/mdkernels/configs/test.json
Loading kernel configurations from /home/vivek/Research/rc5-tests/test/lib/python2.7/site-packages/radical/ensemblemd/mdkernels/configs/sleep.json
Loading kernel configurations from /home/vivek/Research/rc5-tests/test/lib/python2.7/site-packages/radical/ensemblemd/mdkernels/configs/mmpbsa.json
Loading kernel configurations from /home/vivek/Research/rc5-tests/test/lib/python2.7/site-packages/radical/ensemblemd/mdkernels/configs/amber.json
Loading kernel configurations from /home/vivek/Research/rc5-tests/test/lib/python2.7/site-packages/radical/ensemblemd/mdkernels/configs/namd.json
Loading kernel configurations from /home/vivek/Research/rc5-tests/test/lib/python2.7/site-packages/radical/ensemblemd/mdkernels/configs/gromacs.json
Cycle : 0
Preprocessing stage ....
[Callback]: ComputeUnit '5485b6342330e03c67f535da' state changed to PendingInputStaging.
[Callback]: ComputeUnit '5485b6342330e03c67f535da' state changed to StagingInput.
[Callback]: ComputePilot '5485b62f2330e03c67f535d8' state changed to Launching.
[Callback]: ComputeUnit '5485b6342330e03c67f535da' state changed to PendingExecution.
[Callback]: ComputePilot '5485b62f2330e03c67f535d8' state changed to PendingActive.
[Callback]: ComputePilot '5485b62f2330e03c67f535d8' state changed to Active.
[Callback]: ComputeUnit '5485b6342330e03c67f535da' state changed to Scheduling.
[Callback]: ComputeUnit '5485b6342330e03c67f535da' state changed to Executing.
[Callback]: ComputeUnit '5485b6342330e03c67f535da' state changed to Done.
Skipping Analysis for iteration 0
Starting Simulation
[Callback]: ComputeUnit '5485b6762330e03c67f535e6' state changed to PendingExecution.
[Callback]: ComputeUnit '5485b6762330e03c67f535e4' state changed to PendingExecution.
[Callback]: ComputeUnit '5485b6762330e03c67f535ea' state changed to PendingExecution.
[Callback]: ComputeUnit '5485b6762330e03c67f535de' state changed to PendingExecution.
[Callback]: ComputeUnit '5485b6762330e03c67f535e3' state changed to PendingExecution.
[Callback]: ComputeUnit '5485b6762330e03c67f535e5' state changed to PendingExecution.
[Callback]: ComputeUnit '5485b6762330e03c67f535e0' state changed to PendingExecution.
[Callback]: ComputeUnit '5485b6762330e03c67f535dd' state changed to PendingExecution.
[Callback]: ComputeUnit '5485b6762330e03c67f535e8' state changed to PendingExecution.
[Callback]: ComputeUnit '5485b6762330e03c67f535df' state changed to PendingExecution.
[Callback]: ComputeUnit '5485b6762330e03c67f535e9' state changed to PendingExecution.
[Callback]: ComputeUnit '5485b6762330e03c67f535e7' state changed to PendingExecution.
[Callback]: ComputeUnit '5485b6762330e03c67f535dc' state changed to PendingExecution.
[Callback]: ComputeUnit '5485b6762330e03c67f535e1' state changed to PendingExecution.
[Callback]: ComputeUnit '5485b6762330e03c67f535db' state changed to PendingExecution.
[Callback]: ComputeUnit '5485b6762330e03c67f535e2' state changed to PendingExecution.
[Callback]: ComputeUnit '5485b6762330e03c67f535db' state changed to Scheduling.
[Callback]: ComputeUnit '5485b6762330e03c67f535dc' state changed to Scheduling.
[Callback]: ComputeUnit '5485b6762330e03c67f535db' state changed to Executing.
[Callback]: ComputeUnit '5485b6762330e03c67f535dd' state changed to Scheduling.
[Callback]: ComputeUnit '5485b6762330e03c67f535dc' state changed to Executing.
[Callback]: ComputeUnit '5485b6762330e03c67f535de' state changed to Scheduling.
[Callback]: ComputeUnit '5485b6762330e03c67f535dd' state changed to Executing.
[Callback]: ComputeUnit '5485b6762330e03c67f535de' state changed to Executing.
[Callback]: ComputeUnit '5485b6762330e03c67f535df' state changed to Scheduling.
[Callback]: ComputeUnit '5485b6762330e03c67f535e0' state changed to Scheduling.
[Callback]: ComputeUnit '5485b6762330e03c67f535df' state changed to Executing.
[Callback]: ComputeUnit '5485b6762330e03c67f535e1' state changed to Scheduling.
[Callback]: ComputeUnit '5485b6762330e03c67f535e0' state changed to Executing.
[Callback]: ComputeUnit '5485b6762330e03c67f535e1' state changed to Executing.
[Callback]: ComputeUnit '5485b6762330e03c67f535e3' state changed to Scheduling.
[Callback]: ComputeUnit '5485b6762330e03c67f535e3' state changed to Executing.
[Callback]: ComputeUnit '5485b6762330e03c67f535e2' state changed to Scheduling.
[Callback]: ComputeUnit '5485b6762330e03c67f535e4' state changed to Scheduling.
[Callback]: ComputeUnit '5485b6762330e03c67f535e5' state changed to Scheduling.
[Callback]: ComputeUnit '5485b6762330e03c67f535e6' state changed to Scheduling.
[Callback]: ComputeUnit '5485b6762330e03c67f535ea' state changed to Scheduling.
[Callback]: ComputeUnit '5485b6762330e03c67f535e8' state changed to Scheduling.
[Callback]: ComputeUnit '5485b6762330e03c67f535e9' state changed to Scheduling.
[Callback]: ComputeUnit '5485b6762330e03c67f535e7' state changed to Scheduling.
[Callback]: ComputeUnit '5485b6762330e03c67f535db' state changed to Done.
[Callback]: ComputeUnit '5485b6762330e03c67f535dc' state changed to Done.
[Callback]: ComputeUnit '5485b6762330e03c67f535dd' state changed to Done.
[Callback]: ComputeUnit '5485b6762330e03c67f535de' state changed to Done.
[Callback]: ComputeUnit '5485b6762330e03c67f535df' state changed to Done.
[Callback]: ComputeUnit '5485b6762330e03c67f535e0' state changed to Done.
[Callback]: ComputeUnit '5485b6762330e03c67f535e1' state changed to Done.
[Callback]: ComputeUnit '5485b6762330e03c67f535e3' state changed to Done.
[Callback]: ComputeUnit '5485b67c2330e03c67f535eb' state changed to PendingExecution.
[Callback]: ComputeUnit '5485b6762330e03c67f535ea' state changed to Executing.
[Callback]: ComputeUnit '5485b6762330e03c67f535e7' state changed to Executing.
[Callback]: ComputeUnit '5485b6762330e03c67f535e2' state changed to Executing.
[Callback]: ComputeUnit '5485b67c2330e03c67f535ec' state changed to PendingExecution.
[Callback]: ComputeUnit '5485b6762330e03c67f535e8' state changed to Executing.
[Callback]: ComputeUnit '5485b6762330e03c67f535e6' state changed to Executing.
[Callback]: ComputeUnit '5485b6762330e03c67f535e9' state changed to Executing.
[Callback]: ComputeUnit '5485b6762330e03c67f535e4' state changed to Executing.
[Callback]: ComputeUnit '5485b6762330e03c67f535e5' state changed to Executing.
[Callback]: ComputeUnit '5485b67c2330e03c67f535eb' state changed to Scheduling.
[Callback]: ComputeUnit '5485b67c2330e03c67f535ed' state changed to PendingExecution.
[Callback]: ComputeUnit '5485b67c2330e03c67f535ec' state changed to Scheduling.
[Callback]: ComputeUnit '5485b67c2330e03c67f535ed' state changed to Scheduling.
[Callback]: ComputeUnit '5485b67d2330e03c67f535ee' state changed to PendingExecution.
[Callback]: ComputeUnit '5485b67d2330e03c67f535ee' state changed to Scheduling.
[Callback]: ComputeUnit '5485b67d2330e03c67f535ef' state changed to PendingExecution.
[Callback]: ComputeUnit '5485b67d2330e03c67f535ef' state changed to Scheduling.
[Callback]: ComputeUnit '5485b6762330e03c67f535e7' state changed to Done.
[Callback]: ComputeUnit '5485b67d2330e03c67f535ee' state changed to Executing.
[Callback]: ComputeUnit '5485b6762330e03c67f535ea' state changed to Done.
[Callback]: ComputeUnit '5485b6762330e03c67f535e2' state changed to Done.
[Callback]: ComputeUnit '5485b6762330e03c67f535e8' state changed to Done.
[Callback]: ComputeUnit '5485b67c2330e03c67f535ed' state changed to Executing.
[Callback]: ComputeUnit '5485b6762330e03c67f535e6' state changed to Done.
[Callback]: ComputeUnit '5485b67d2330e03c67f535ef' state changed to Executing.
[Callback]: ComputeUnit '5485b6762330e03c67f535e9' state changed to Done.
[Callback]: ComputeUnit '5485b6762330e03c67f535e4' state changed to Done.
[Callback]: ComputeUnit '5485b6762330e03c67f535e5' state changed to Done.
[Callback]: ComputeUnit '5485b67c2330e03c67f535ec' state changed to Executing.
[Callback]: ComputeUnit '5485b67c2330e03c67f535eb' state changed to Executing.
[Callback]: ComputeUnit '5485b67f2330e03c67f535f0' state changed to PendingExecution.
[Callback]: ComputeUnit '5485b67f2330e03c67f535f1' state changed to PendingExecution.
[Callback]: ComputeUnit '5485b67f2330e03c67f535f2' state changed to PendingExecution.
[Callback]: ComputeUnit '5485b67f2330e03c67f535f3' state changed to PendingExecution.
[Callback]: ComputeUnit '5485b67f2330e03c67f535f0' state changed to Scheduling.
[Callback]: ComputeUnit '5485b67f2330e03c67f535f0' state changed to Executing.
[Callback]: ComputeUnit '5485b67f2330e03c67f535f1' state changed to Executing.
[Callback]: ComputeUnit '5485b67f2330e03c67f535f2' state changed to Scheduling.
[Callback]: ComputeUnit '5485b67f2330e03c67f535f2' state changed to Executing.
[Callback]: ComputeUnit '5485b67f2330e03c67f535f3' state changed to Scheduling.
[Callback]: ComputeUnit '5485b6802330e03c67f535f4' state changed to PendingExecution.
[Callback]: ComputeUnit '5485b6802330e03c67f535f4' state changed to Scheduling.
[Callback]: ComputeUnit '5485b6802330e03c67f535f5' state changed to PendingExecution.
[Callback]: ComputeUnit '5485b6812330e03c67f535f6' state changed to PendingExecution.
[Callback]: ComputeUnit '5485b6812330e03c67f535f7' state changed to PendingExecution.
[Callback]: ComputeUnit '5485b6812330e03c67f535f8' state changed to PendingExecution.
[Callback]: ComputeUnit '5485b6802330e03c67f535f5' state changed to Scheduling.
[Callback]: ComputeUnit '5485b6812330e03c67f535f6' state changed to Scheduling.
[Callback]: ComputeUnit '5485b6812330e03c67f535f9' state changed to PendingExecution.
[Callback]: ComputeUnit '5485b6812330e03c67f535f7' state changed to Scheduling.
[Callback]: ComputeUnit '5485b6822330e03c67f535fa' state changed to PendingExecution.
[Callback]: ComputeUnit '5485b6812330e03c67f535f8' state changed to Scheduling.
[Callback]: ComputeUnit '5485b6812330e03c67f535f9' state changed to Scheduling.
[Callback]: ComputeUnit '5485b6822330e03c67f535fa' state changed to Scheduling.
[Callback]: ComputeUnit '5485b67d2330e03c67f535ee' state changed to Done.
[Callback]: ComputeUnit '5485b6812330e03c67f535f9' state changed to Executing.
[Callback]: ComputeUnit '5485b67d2330e03c67f535ef' state changed to Done.
[Callback]: ComputeUnit '5485b6812330e03c67f535f7' state changed to Executing.
[Callback]: ComputeUnit '5485b67c2330e03c67f535ec' state changed to Done.
[Callback]: ComputeUnit '5485b67f2330e03c67f535f3' state changed to Executing.
[Callback]: ComputeUnit '5485b67c2330e03c67f535ed' state changed to Done.
[Callback]: ComputeUnit '5485b6802330e03c67f535f4' state changed to Executing.
[Callback]: ComputeUnit '5485b67c2330e03c67f535eb' state changed to Done.
[Callback]: ComputeUnit '5485b6812330e03c67f535f8' state changed to Executing.
[Callback]: ComputeUnit '5485b67f2330e03c67f535f0' state changed to Done.
[Callback]: ComputeUnit '5485b67f2330e03c67f535f1' state changed to Done.
[Callback]: ComputeUnit '5485b67f2330e03c67f535f2' state changed to Done.
[Callback]: ComputeUnit '5485b6802330e03c67f535f5' state changed to Executing.
[Callback]: ComputeUnit '5485b6822330e03c67f535fa' state changed to Executing.
[Callback]: ComputeUnit '5485b6812330e03c67f535f6' state changed to Executing.
[Callback]: ComputeUnit '5485b6812330e03c67f535f9' state changed to Done.
[Callback]: ComputeUnit '5485b6812330e03c67f535f7' state changed to Done.
[Callback]: ComputeUnit '5485b67f2330e03c67f535f3' state changed to Done.
[Callback]: ComputeUnit '5485b6802330e03c67f535f4' state changed to Done.
[Callback]: ComputeUnit '5485b6812330e03c67f535f8' state changed to Done.
[Callback]: ComputeUnit '5485b6802330e03c67f535f5' state changed to Done.
[Callback]: ComputeUnit '5485b6822330e03c67f535fa' state changed to Done.
[Callback]: ComputeUnit '5485b6812330e03c67f535f6' state changed to Done.
Simulation Execution Time :  31.014
Cycle : 1
Preprocessing stage ....
[Callback]: ComputeUnit '5485b6982330e03c67f535fb' state changed to PendingExecution.
[Callback]: ComputeUnit '5485b6982330e03c67f535fb' state changed to Scheduling.
[Callback]: ComputeUnit '5485b6982330e03c67f535fb' state changed to Executing.
[Callback]: ComputeUnit '5485b6982330e03c67f535fb' state changed to Done.
Starting Analysis
Submitting COCO Compute Unit
[Callback]: ComputeUnit '5485b6992330e03c67f535fc' state changed to PendingExecution.
[Callback]: ComputeUnit '5485b6992330e03c67f535fc' state changed to Scheduling.
[Callback]: ComputeUnit '5485b6992330e03c67f535fc' state changed to Executing.
[Callback]: ComputeUnit '5485b6992330e03c67f535fc' state changed to StagingOutput.
[Callback]: ComputeUnit '5485b6992330e03c67f535fc' state changed to Done.
Analysis Execution time :  46.047
Starting Simulation
[Callback]: ComputeUnit '5485b6ca2330e03c67f535ff' state changed to PendingExecution.
[Callback]: ComputeUnit '5485b6ca2330e03c67f535fd' state changed to PendingExecution.
[Callback]: ComputeUnit '5485b6ca2330e03c67f53607' state changed to PendingExecution.
[Callback]: ComputeUnit '5485b6ca2330e03c67f53603' state changed to PendingExecution.
[Callback]: ComputeUnit '5485b6ca2330e03c67f53607' state changed to Scheduling.
[Callback]: ComputeUnit '5485b6ca2330e03c67f53609' state changed to PendingExecution.
[Callback]: ComputeUnit '5485b6ca2330e03c67f535fd' state changed to Executing.
[Callback]: ComputeUnit '5485b6ca2330e03c67f535ff' state changed to Scheduling.
[Callback]: ComputeUnit '5485b6ca2330e03c67f5360c' state changed to PendingExecution.
[Callback]: ComputeUnit '5485b6ca2330e03c67f53607' state changed to Executing.
[Callback]: ComputeUnit '5485b6ca2330e03c67f5360a' state changed to PendingExecution.
[Callback]: ComputeUnit '5485b6ca2330e03c67f53605' state changed to Scheduling.
[Callback]: ComputeUnit '5485b6ca2330e03c67f535fe' state changed to PendingExecution.
[Callback]: ComputeUnit '5485b6ca2330e03c67f535ff' state changed to Executing.
[Callback]: ComputeUnit '5485b6ca2330e03c67f53605' state changed to Executing.
[Callback]: ComputeUnit '5485b6ca2330e03c67f53602' state changed to Scheduling.
[Callback]: ComputeUnit '5485b6ca2330e03c67f535fe' state changed to Scheduling.
[Callback]: ComputeUnit '5485b6ca2330e03c67f53600' state changed to PendingExecution.
[Callback]: ComputeUnit '5485b6ca2330e03c67f53602' state changed to Executing.
[Callback]: ComputeUnit '5485b6ca2330e03c67f5360b' state changed to PendingExecution.
[Callback]: ComputeUnit '5485b6ca2330e03c67f535fe' state changed to Executing.
[Callback]: ComputeUnit '5485b6ca2330e03c67f53604' state changed to PendingExecution.
[Callback]: ComputeUnit '5485b6ca2330e03c67f53600' state changed to Scheduling.
[Callback]: ComputeUnit '5485b6ca2330e03c67f53601' state changed to PendingExecution.
[Callback]: ComputeUnit '5485b6ca2330e03c67f53608' state changed to PendingExecution.
[Callback]: ComputeUnit '5485b6ca2330e03c67f53603' state changed to Scheduling.
[Callback]: ComputeUnit '5485b6ca2330e03c67f53606' state changed to PendingExecution.
[Callback]: ComputeUnit '5485b6ca2330e03c67f53600' state changed to Executing.
[Callback]: ComputeUnit '5485b6ca2330e03c67f53603' state changed to Executing.
[Callback]: ComputeUnit '5485b6ca2330e03c67f53606' state changed to Scheduling.
[Callback]: ComputeUnit '5485b6ca2330e03c67f53601' state changed to Scheduling.
[Callback]: ComputeUnit '5485b6ca2330e03c67f53604' state changed to Scheduling.
[Callback]: ComputeUnit '5485b6ca2330e03c67f53609' state changed to Scheduling.
[Callback]: ComputeUnit '5485b6ca2330e03c67f5360c' state changed to Scheduling.
[Callback]: ComputeUnit '5485b6ca2330e03c67f5360a' state changed to Scheduling.
[Callback]: ComputeUnit '5485b6ca2330e03c67f53607' state changed to Done.
[Callback]: ComputeUnit '5485b6ca2330e03c67f5360b' state changed to Scheduling.
[Callback]: ComputeUnit '5485b6ca2330e03c67f53608' state changed to Scheduling.
[Callback]: ComputeUnit '5485b6ca2330e03c67f53601' state changed to Executing.
[Callback]: ComputeUnit '5485b6ca2330e03c67f53604' state changed to Executing.
[Callback]: ComputeUnit '5485b6ca2330e03c67f535fd' state changed to Done.
[Callback]: ComputeUnit '5485b6ca2330e03c67f535ff' state changed to Done.
[Callback]: ComputeUnit '5485b6ca2330e03c67f5360c' state changed to Executing.
[Callback]: ComputeUnit '5485b6ca2330e03c67f53605' state changed to Done.
[Callback]: ComputeUnit '5485b6ca2330e03c67f53606' state changed to Executing.
[Callback]: ComputeUnit '5485b6ca2330e03c67f5360a' state changed to Executing.
[Callback]: ComputeUnit '5485b6ca2330e03c67f53602' state changed to Done.
[Callback]: ComputeUnit '5485b6ce2330e03c67f5360d' state changed to PendingExecution.
[Callback]: ComputeUnit '5485b6ca2330e03c67f53609' state changed to Executing.
[Callback]: ComputeUnit '5485b6ca2330e03c67f535fe' state changed to Done.
[Callback]: ComputeUnit '5485b6cf2330e03c67f5360e' state changed to PendingExecution.
[Callback]: ComputeUnit '5485b6ca2330e03c67f53600' state changed to Done.
[Callback]: ComputeUnit '5485b6ca2330e03c67f53603' state changed to Done.
[Callback]: ComputeUnit '5485b6ca2330e03c67f5360b' state changed to Executing.
[Callback]: ComputeUnit '5485b6ca2330e03c67f53608' state changed to Executing.
[Callback]: ComputeUnit '5485b6ce2330e03c67f5360d' state changed to Scheduling.
[Callback]: ComputeUnit '5485b6cf2330e03c67f5360e' state changed to Scheduling.
[Callback]: ComputeUnit '5485b6ca2330e03c67f53601' state changed to Done.
[Callback]: ComputeUnit '5485b6ca2330e03c67f53604' state changed to Done.
[Callback]: ComputeUnit '5485b6cf2330e03c67f5360e' state changed to Executing.
[Callback]: ComputeUnit '5485b6ca2330e03c67f5360c' state changed to Done.
[Callback]: ComputeUnit '5485b6ce2330e03c67f5360d' state changed to Executing.
[Callback]: ComputeUnit '5485b6ca2330e03c67f53606' state changed to Done.
[Callback]: ComputeUnit '5485b6d02330e03c67f5360f' state changed to PendingExecution.
[Callback]: ComputeUnit '5485b6ca2330e03c67f5360a' state changed to Done.
[Callback]: ComputeUnit '5485b6ca2330e03c67f53609' state changed to Done.
[Callback]: ComputeUnit '5485b6d02330e03c67f53610' state changed to PendingExecution.
[Callback]: ComputeUnit '5485b6ca2330e03c67f5360b' state changed to Done.
[Callback]: ComputeUnit '5485b6d02330e03c67f5360f' state changed to Scheduling.
[Callback]: ComputeUnit '5485b6ca2330e03c67f53608' state changed to Done.
[Callback]: ComputeUnit '5485b6d02330e03c67f5360f' state changed to Executing.
[Callback]: ComputeUnit '5485b6d02330e03c67f53610' state changed to Scheduling.
[Callback]: ComputeUnit '5485b6d12330e03c67f53611' state changed to PendingExecution.
[Callback]: ComputeUnit '5485b6d12330e03c67f53611' state changed to Executing.
[Callback]: ComputeUnit '5485b6d02330e03c67f53610' state changed to Executing.
[Callback]: ComputeUnit '5485b6d12330e03c67f53612' state changed to PendingExecution.
[Callback]: ComputeUnit '5485b6d12330e03c67f53613' state changed to PendingExecution.
[Callback]: ComputeUnit '5485b6d22330e03c67f53614' state changed to PendingExecution.
[Callback]: ComputeUnit '5485b6d12330e03c67f53612' state changed to Scheduling.
[Callback]: ComputeUnit '5485b6d22330e03c67f53615' state changed to PendingExecution.
[Callback]: ComputeUnit '5485b6d12330e03c67f53612' state changed to Executing.
[Callback]: ComputeUnit '5485b6d12330e03c67f53613' state changed to Scheduling.
[Callback]: ComputeUnit '5485b6d12330e03c67f53613' state changed to Executing.
[Callback]: ComputeUnit '5485b6d22330e03c67f53614' state changed to Scheduling.
[Callback]: ComputeUnit '5485b6d22330e03c67f53614' state changed to Executing.
[Callback]: ComputeUnit '5485b6d22330e03c67f53615' state changed to Scheduling.
[Callback]: ComputeUnit '5485b6d22330e03c67f53616' state changed to PendingExecution.
[Callback]: ComputeUnit '5485b6d22330e03c67f53616' state changed to Scheduling.
[Callback]: ComputeUnit '5485b6d32330e03c67f53617' state changed to PendingExecution.
[Callback]: ComputeUnit '5485b6d32330e03c67f53618' state changed to PendingExecution.
[Callback]: ComputeUnit '5485b6d32330e03c67f53617' state changed to Scheduling.
[Callback]: ComputeUnit '5485b6d42330e03c67f53619' state changed to PendingExecution.
[Callback]: ComputeUnit '5485b6d32330e03c67f53618' state changed to Scheduling.
[Callback]: ComputeUnit '5485b6d42330e03c67f53619' state changed to Scheduling.
[Callback]: ComputeUnit '5485b6d42330e03c67f5361a' state changed to PendingExecution.
[Callback]: ComputeUnit '5485b6d52330e03c67f5361b' state changed to PendingExecution.
[Callback]: ComputeUnit '5485b6d52330e03c67f5361b' state changed to Scheduling.
[Callback]: ComputeUnit '5485b6d42330e03c67f5361a' state changed to Scheduling.
[Callback]: ComputeUnit '5485b6d62330e03c67f5361c' state changed to PendingExecution.
[Callback]: ComputeUnit '5485b6d62330e03c67f5361c' state changed to Scheduling.
[Callback]: ComputeUnit '5485b6cf2330e03c67f5360e' state changed to StagingOutput.
[Callback]: ComputeUnit '5485b6d32330e03c67f53617' state changed to Executing.
[Callback]: ComputeUnit '5485b6ce2330e03c67f5360d' state changed to StagingOutput.
[Callback]: ComputeUnit '5485b6d02330e03c67f5360f' state changed to StagingOutput.
[Callback]: ComputeUnit '5485b6d62330e03c67f5361c' state changed to Executing.
[Callback]: ComputeUnit '5485b6d42330e03c67f5361a' state changed to Executing.
[Callback]: ComputeUnit '5485b6d02330e03c67f53610' state changed to StagingOutput.
[Callback]: ComputeUnit '5485b6d52330e03c67f5361b' state changed to Executing.
[Callback]: ComputeUnit '5485b6d42330e03c67f53619' state changed to Executing.
[Callback]: ComputeUnit '5485b6d12330e03c67f53612' state changed to StagingOutput.
[Callback]: ComputeUnit '5485b6d12330e03c67f53611' state changed to StagingOutput.
[Callback]: ComputeUnit '5485b6d22330e03c67f53616' state changed to Executing.
[Callback]: ComputeUnit '5485b6d32330e03c67f53618' state changed to Executing.
[Callback]: ComputeUnit '5485b6d12330e03c67f53613' state changed to StagingOutput.
[Callback]: ComputeUnit '5485b6d22330e03c67f53614' state changed to StagingOutput.
[Callback]: ComputeUnit '5485b6d22330e03c67f53615' state changed to Executing.
[Callback]: ComputeUnit '5485b6cf2330e03c67f5360e' state changed to Done.
[Callback]: ComputeUnit '5485b6d12330e03c67f53611' state changed to Done.
[Callback]: ComputeUnit '5485b6d32330e03c67f53617' state changed to StagingOutput.
[Callback]: ComputeUnit '5485b6d62330e03c67f5361c' state changed to StagingOutput.
[Callback]: ComputeUnit '5485b6d42330e03c67f5361a' state changed to StagingOutput.
[Callback]: ComputeUnit '5485b6d52330e03c67f5361b' state changed to StagingOutput.
[Callback]: ComputeUnit '5485b6d42330e03c67f53619' state changed to StagingOutput.
[Callback]: ComputeUnit '5485b6d02330e03c67f53610' state changed to Done.
[Callback]: ComputeUnit '5485b6d22330e03c67f53616' state changed to StagingOutput.
[Callback]: ComputeUnit '5485b6d02330e03c67f5360f' state changed to Done.
[Callback]: ComputeUnit '5485b6d22330e03c67f53615' state changed to StagingOutput.
[Callback]: ComputeUnit '5485b6d32330e03c67f53618' state changed to StagingOutput.
[Callback]: ComputeUnit '5485b6d62330e03c67f5361c' state changed to Done.
[Callback]: ComputeUnit '5485b6d42330e03c67f5361a' state changed to Done.
[Callback]: ComputeUnit '5485b6d52330e03c67f5361b' state changed to Done.
[Callback]: ComputeUnit '5485b6ce2330e03c67f5360d' state changed to Done.
[Callback]: ComputeUnit '5485b6d32330e03c67f53617' state changed to Done.
[Callback]: ComputeUnit '5485b6d12330e03c67f53612' state changed to Done.
[Callback]: ComputeUnit '5485b6d12330e03c67f53613' state changed to Done.
[Callback]: ComputeUnit '5485b6d42330e03c67f53619' state changed to Done.
[Callback]: ComputeUnit '5485b6d22330e03c67f53616' state changed to Done.
[Callback]: ComputeUnit '5485b6d22330e03c67f53614' state changed to Done.
[Callback]: ComputeUnit '5485b6d22330e03c67f53615' state changed to Done.
[Callback]: ComputeUnit '5485b6d32330e03c67f53618' state changed to Done.
Simulation Execution Time :  32.994
Cycle : 2
Preprocessing stage ....
[Callback]: ComputeUnit '5485b6f92330e03c67f5361d' state changed to Scheduling.
[Callback]: ComputeUnit '5485b6f92330e03c67f5361d' state changed to Executing.
[Callback]: ComputeUnit '5485b6f92330e03c67f5361d' state changed to Done.
Starting Analysis
Submitting COCO Compute Unit
[Callback]: ComputeUnit '5485b6fb2330e03c67f5361e' state changed to PendingExecution.
[Callback]: ComputeUnit '5485b6fb2330e03c67f5361e' state changed to Scheduling.
[Callback]: ComputeUnit '5485b6fb2330e03c67f5361e' state changed to Executing.
[Callback]: ComputeUnit '5485b6fb2330e03c67f5361e' state changed to Done.
Analysis Execution time :  177.246
Starting Simulation
[Callback]: ComputeUnit '5485b7ae2330e03c67f53620' state changed to PendingExecution.
[Callback]: ComputeUnit '5485b7ae2330e03c67f53621' state changed to Executing.
[Callback]: ComputeUnit '5485b7ae2330e03c67f53629' state changed to PendingExecution.
[Callback]: ComputeUnit '5485b7ae2330e03c67f5362a' state changed to PendingExecution.
[Callback]: ComputeUnit '5485b7ae2330e03c67f5362b' state changed to PendingExecution.
[Callback]: ComputeUnit '5485b7ae2330e03c67f53620' state changed to Executing.
[Callback]: ComputeUnit '5485b7ae2330e03c67f5362c' state changed to Executing.
[Callback]: ComputeUnit '5485b7ae2330e03c67f5362d' state changed to PendingExecution.
[Callback]: ComputeUnit '5485b7ae2330e03c67f53626' state changed to Scheduling.
[Callback]: ComputeUnit '5485b7ae2330e03c67f5362d' state changed to Scheduling.
[Callback]: ComputeUnit '5485b7ae2330e03c67f53622' state changed to PendingExecution.
[Callback]: ComputeUnit '5485b7ae2330e03c67f53624' state changed to PendingExecution.
[Callback]: ComputeUnit '5485b7ae2330e03c67f53626' state changed to Executing.
[Callback]: ComputeUnit '5485b7ae2330e03c67f53627' state changed to PendingExecution.
[Callback]: ComputeUnit '5485b7ae2330e03c67f53628' state changed to Executing.
[Callback]: ComputeUnit '5485b7ae2330e03c67f5362d' state changed to Executing.
[Callback]: ComputeUnit '5485b7ae2330e03c67f53622' state changed to Scheduling.
[Callback]: ComputeUnit '5485b7ae2330e03c67f5361f' state changed to PendingExecution.
[Callback]: ComputeUnit '5485b7ae2330e03c67f53625' state changed to Executing.
[Callback]: ComputeUnit '5485b7ae2330e03c67f53627' state changed to Scheduling.
[Callback]: ComputeUnit '5485b7ae2330e03c67f53622' state changed to Executing.
[Callback]: ComputeUnit '5485b7ae2330e03c67f5361f' state changed to Scheduling.
[Callback]: ComputeUnit '5485b7ae2330e03c67f53623' state changed to Scheduling.
[Callback]: ComputeUnit '5485b7ae2330e03c67f53624' state changed to Scheduling.
[Callback]: ComputeUnit '5485b7ae2330e03c67f5362e' state changed to PendingExecution.
[Callback]: ComputeUnit '5485b7ae2330e03c67f5361f' state changed to Executing.
[Callback]: ComputeUnit '5485b7ae2330e03c67f53620' state changed to Done.
[Callback]: ComputeUnit '5485b7ae2330e03c67f53623' state changed to Executing.
[Callback]: ComputeUnit '5485b7ae2330e03c67f53621' state changed to Done.
[Callback]: ComputeUnit '5485b7ae2330e03c67f53626' state changed to Done.
[Callback]: ComputeUnit '5485b7ae2330e03c67f53629' state changed to Executing.
[Callback]: ComputeUnit '5485b7ae2330e03c67f5362a' state changed to Scheduling.
[Callback]: ComputeUnit '5485b7ae2330e03c67f5362b' state changed to Scheduling.
[Callback]: ComputeUnit '5485b7ae2330e03c67f5362e' state changed to Scheduling.
[Callback]: ComputeUnit '5485b7ae2330e03c67f5362c' state changed to Done.
[Callback]: ComputeUnit '5485b7ae2330e03c67f53628' state changed to Done.
[Callback]: ComputeUnit '5485b7ae2330e03c67f53624' state changed to Executing.
[Callback]: ComputeUnit '5485b7ae2330e03c67f5362b' state changed to Executing.
[Callback]: ComputeUnit '5485b7ae2330e03c67f5362e' state changed to Executing.
[Callback]: ComputeUnit '5485b7ae2330e03c67f5362d' state changed to Done.
[Callback]: ComputeUnit '5485b7ae2330e03c67f53625' state changed to Done.
[Callback]: ComputeUnit '5485b7ae2330e03c67f53627' state changed to Executing.
[Callback]: ComputeUnit '5485b7ae2330e03c67f5362a' state changed to Executing.
[Callback]: ComputeUnit '5485b7ae2330e03c67f53622' state changed to Done.
[Callback]: ComputeUnit '5485b7ae2330e03c67f5361f' state changed to Done.
[Callback]: ComputeUnit '5485b7ae2330e03c67f53623' state changed to Done.
[Callback]: ComputeUnit '5485b7ae2330e03c67f53629' state changed to Done.
[Callback]: ComputeUnit '5485b7ae2330e03c67f53624' state changed to Done.
[Callback]: ComputeUnit '5485b7ae2330e03c67f5362b' state changed to Done.
[Callback]: ComputeUnit '5485b7ae2330e03c67f53627' state changed to Done.
[Callback]: ComputeUnit '5485b7b52330e03c67f5362f' state changed to Executing.
[Callback]: ComputeUnit '5485b7b62330e03c67f53630' state changed to PendingExecution.
[Callback]: ComputeUnit '5485b7ae2330e03c67f5362e' state changed to Done.
[Callback]: ComputeUnit '5485b7b62330e03c67f53630' state changed to Executing.
[Callback]: ComputeUnit '5485b7b62330e03c67f53631' state changed to PendingExecution.
[Callback]: ComputeUnit '5485b7ae2330e03c67f5362a' state changed to Done.
[Callback]: ComputeUnit '5485b7b62330e03c67f53632' state changed to PendingExecution.
[Callback]: ComputeUnit '5485b7b62330e03c67f53633' state changed to PendingExecution.
[Callback]: ComputeUnit '5485b7b62330e03c67f53632' state changed to Executing.
[Callback]: ComputeUnit '5485b7b62330e03c67f53633' state changed to Executing.
[Callback]: ComputeUnit '5485b7b62330e03c67f53631' state changed to Scheduling.
[Callback]: ComputeUnit '5485b7b62330e03c67f53631' state changed to Executing.
[Callback]: ComputeUnit '5485b7b72330e03c67f53634' state changed to Executing.
[Callback]: ComputeUnit '5485b7b82330e03c67f53635' state changed to PendingExecution.
[Callback]: ComputeUnit '5485b7b82330e03c67f53635' state changed to Executing.
[Callback]: ComputeUnit '5485b7b82330e03c67f53636' state changed to Scheduling.
[Callback]: ComputeUnit '5485b7b82330e03c67f53636' state changed to Executing.
[Callback]: ComputeUnit '5485b7b92330e03c67f53637' state changed to PendingExecution.
[Callback]: ComputeUnit '5485b7ba2330e03c67f53638' state changed to PendingExecution.
[Callback]: ComputeUnit '5485b7ba2330e03c67f53638' state changed to Scheduling.
[Callback]: ComputeUnit '5485b7b92330e03c67f53637' state changed to Scheduling.
[Callback]: ComputeUnit '5485b7ba2330e03c67f53639' state changed to PendingExecution.
[Callback]: ComputeUnit '5485b7bb2330e03c67f5363a' state changed to PendingExecution.
[Callback]: ComputeUnit '5485b7ba2330e03c67f53639' state changed to Scheduling.
[Callback]: ComputeUnit '5485b7bb2330e03c67f5363a' state changed to Scheduling.
[Callback]: ComputeUnit '5485b7bb2330e03c67f5363b' state changed to PendingExecution.
[Callback]: ComputeUnit '5485b7bb2330e03c67f5363b' state changed to Scheduling.
[Callback]: ComputeUnit '5485b7bc2330e03c67f5363c' state changed to PendingExecution.
[Callback]: ComputeUnit '5485b7bc2330e03c67f5363c' state changed to Scheduling.
[Callback]: ComputeUnit '5485b7bd2330e03c67f5363d' state changed to PendingExecution.
[Callback]: ComputeUnit '5485b7bd2330e03c67f5363d' state changed to Scheduling.
[Callback]: ComputeUnit '5485b7bd2330e03c67f5363e' state changed to PendingExecution.
[Callback]: ComputeUnit '5485b7bd2330e03c67f5363e' state changed to Scheduling.
[Callback]: ComputeUnit '5485b7b52330e03c67f5362f' state changed to Done.
[Callback]: ComputeUnit '5485b7bd2330e03c67f5363d' state changed to Executing.
[Callback]: ComputeUnit '5485b7b62330e03c67f53630' state changed to Done.
[Callback]: ComputeUnit '5485b7bb2330e03c67f5363a' state changed to Executing.
[Callback]: ComputeUnit '5485b7b72330e03c67f53634' state changed to Done.
[Callback]: ComputeUnit '5485b7bb2330e03c67f5363b' state changed to Executing.
[Callback]: ComputeUnit '5485b7ba2330e03c67f53638' state changed to Executing.
[Callback]: ComputeUnit '5485b7b62330e03c67f53633' state changed to Done.
[Callback]: ComputeUnit '5485b7b62330e03c67f53632' state changed to Done.
[Callback]: ComputeUnit '5485b7ba2330e03c67f53639' state changed to Executing.
[Callback]: ComputeUnit '5485b7b92330e03c67f53637' state changed to Executing.
[Callback]: ComputeUnit '5485b7b62330e03c67f53631' state changed to Done.
[Callback]: ComputeUnit '5485b7bc2330e03c67f5363c' state changed to Executing.
[Callback]: ComputeUnit '5485b7b82330e03c67f53635' state changed to Done.
[Callback]: ComputeUnit '5485b7b82330e03c67f53636' state changed to Done.
[Callback]: ComputeUnit '5485b7bd2330e03c67f5363e' state changed to Executing.
[Callback]: ComputeUnit '5485b7bd2330e03c67f5363d' state changed to Done.
[Callback]: ComputeUnit '5485b7bb2330e03c67f5363a' state changed to Done.
[Callback]: ComputeUnit '5485b7ba2330e03c67f53639' state changed to Done.
[Callback]: ComputeUnit '5485b7bb2330e03c67f5363b' state changed to Done.
[Callback]: ComputeUnit '5485b7ba2330e03c67f53638' state changed to Done.
[Callback]: ComputeUnit '5485b7bc2330e03c67f5363c' state changed to Done.
[Callback]: ComputeUnit '5485b7b92330e03c67f53637' state changed to Done.
[Callback]: ComputeUnit '5485b7bd2330e03c67f5363e' state changed to Done.
Simulation Execution Time :  34.475
Cycle : 3
Preprocessing stage ....
[Callback]: ComputeUnit '5485b7d72330e03c67f5363f' state changed to Done.
Starting Analysis
Submitting COCO Compute Unit
[Callback]: ComputeUnit '5485b7dd2330e03c67f53640' state changed to Scheduling.
[Callback]: ComputeUnit '5485b7dd2330e03c67f53640' state changed to Executing.
[Callback]: ComputeUnit '5485b7dd2330e03c67f53640' state changed to StagingOutput.
[Callback]: ComputeUnit '5485b7dd2330e03c67f53640' state changed to Done.
Analysis Execution time :  139.573
Starting Simulation
[Callback]: ComputeUnit '5485b86d2330e03c67f53642' state changed to PendingExecution.
[Callback]: ComputeUnit '5485b86d2330e03c67f53644' state changed to PendingExecution.
[Callback]: ComputeUnit '5485b86d2330e03c67f53648' state changed to PendingExecution.
[Callback]: ComputeUnit '5485b86d2330e03c67f5364b' state changed to PendingExecution.
[Callback]: ComputeUnit '5485b86d2330e03c67f5364d' state changed to PendingExecution.
[Callback]: ComputeUnit '5485b86d2330e03c67f5364e' state changed to PendingExecution.
[Callback]: ComputeUnit '5485b86d2330e03c67f5364f' state changed to PendingExecution.
[Callback]: ComputeUnit '5485b86d2330e03c67f53641' state changed to PendingExecution.
[Callback]: ComputeUnit '5485b86d2330e03c67f53646' state changed to PendingExecution.
[Callback]: ComputeUnit '5485b86d2330e03c67f53649' state changed to PendingExecution.
[Callback]: ComputeUnit '5485b86d2330e03c67f53643' state changed to PendingExecution.
[Callback]: ComputeUnit '5485b86d2330e03c67f5364a' state changed to PendingExecution.
[Callback]: ComputeUnit '5485b86d2330e03c67f5364c' state changed to PendingExecution.
[Callback]: ComputeUnit '5485b86d2330e03c67f53650' state changed to PendingExecution.
[Callback]: ComputeUnit '5485b86d2330e03c67f53641' state changed to Executing.
[Callback]: ComputeUnit '5485b86d2330e03c67f53642' state changed to Scheduling.
[Callback]: ComputeUnit '5485b86d2330e03c67f53645' state changed to Scheduling.
[Callback]: ComputeUnit '5485b86d2330e03c67f53647' state changed to PendingExecution.
[Callback]: ComputeUnit '5485b86d2330e03c67f53642' state changed to Executing.
[Callback]: ComputeUnit '5485b86d2330e03c67f53645' state changed to Executing.
[Callback]: ComputeUnit '5485b86d2330e03c67f53646' state changed to Executing.
[Callback]: ComputeUnit '5485b86d2330e03c67f53649' state changed to Executing.
[Callback]: ComputeUnit '5485b86d2330e03c67f53643' state changed to Executing.
[Callback]: ComputeUnit '5485b86d2330e03c67f53644' state changed to Executing.
[Callback]: ComputeUnit '5485b86d2330e03c67f53647' state changed to Scheduling.
[Callback]: ComputeUnit '5485b86d2330e03c67f53647' state changed to Executing.
[Callback]: ComputeUnit '5485b86d2330e03c67f53648' state changed to Scheduling.
[Callback]: ComputeUnit '5485b86d2330e03c67f5364a' state changed to Scheduling.
[Callback]: ComputeUnit '5485b86d2330e03c67f5364b' state changed to Scheduling.
[Callback]: ComputeUnit '5485b86d2330e03c67f5364c' state changed to Scheduling.
[Callback]: ComputeUnit '5485b86d2330e03c67f5364d' state changed to Scheduling.
[Callback]: ComputeUnit '5485b86d2330e03c67f5364e' state changed to Scheduling.
[Callback]: ComputeUnit '5485b86d2330e03c67f5364f' state changed to Scheduling.
[Callback]: ComputeUnit '5485b86d2330e03c67f53641' state changed to Done.
[Callback]: ComputeUnit '5485b86d2330e03c67f5364b' state changed to Executing.
[Callback]: ComputeUnit '5485b86d2330e03c67f53650' state changed to Scheduling.
[Callback]: ComputeUnit '5485b86d2330e03c67f53642' state changed to Done.
[Callback]: ComputeUnit '5485b86d2330e03c67f53645' state changed to Done.
[Callback]: ComputeUnit '5485b86d2330e03c67f53648' state changed to Executing.
[Callback]: ComputeUnit '5485b86d2330e03c67f5364d' state changed to Executing.
[Callback]: ComputeUnit '5485b86d2330e03c67f5364e' state changed to Executing.
[Callback]: ComputeUnit '5485b86d2330e03c67f53649' state changed to Done.
[Callback]: ComputeUnit '5485b86d2330e03c67f53646' state changed to Done.
[Callback]: ComputeUnit '5485b8722330e03c67f53651' state changed to PendingExecution.
[Callback]: ComputeUnit '5485b86d2330e03c67f53643' state changed to Done.
[Callback]: ComputeUnit '5485b86d2330e03c67f53644' state changed to Done.
[Callback]: ComputeUnit '5485b86d2330e03c67f53647' state changed to Done.
[Callback]: ComputeUnit '5485b86d2330e03c67f5364a' state changed to Executing.
[Callback]: ComputeUnit '5485b86d2330e03c67f5364c' state changed to Executing.
[Callback]: ComputeUnit '5485b86d2330e03c67f5364f' state changed to Executing.
[Callback]: ComputeUnit '5485b86d2330e03c67f53650' state changed to Executing.
[Callback]: ComputeUnit '5485b8722330e03c67f53651' state changed to Scheduling.
[Callback]: ComputeUnit '5485b8732330e03c67f53652' state changed to Scheduling.
[Callback]: ComputeUnit '5485b86d2330e03c67f5364b' state changed to Done.
[Callback]: ComputeUnit '5485b8732330e03c67f53653' state changed to PendingExecution.
[Callback]: ComputeUnit '5485b86d2330e03c67f5364d' state changed to Done.
[Callback]: ComputeUnit '5485b8722330e03c67f53651' state changed to Executing.
[Callback]: ComputeUnit '5485b86d2330e03c67f53648' state changed to Done.
[Callback]: ComputeUnit '5485b86d2330e03c67f5364e' state changed to Done.
[Callback]: ComputeUnit '5485b8732330e03c67f53652' state changed to Executing.
[Callback]: ComputeUnit '5485b8732330e03c67f53654' state changed to PendingExecution.
[Callback]: ComputeUnit '5485b8742330e03c67f53655' state changed to PendingExecution.
[Callback]: ComputeUnit '5485b86d2330e03c67f5364c' state changed to Done.
[Callback]: ComputeUnit '5485b8732330e03c67f53653' state changed to Scheduling.
[Callback]: ComputeUnit '5485b8742330e03c67f53656' state changed to PendingExecution.
[Callback]: ComputeUnit '5485b86d2330e03c67f5364a' state changed to Done.
[Callback]: ComputeUnit '5485b86d2330e03c67f5364f' state changed to Done.
[Callback]: ComputeUnit '5485b86d2330e03c67f53650' state changed to Done.
[Callback]: ComputeUnit '5485b8732330e03c67f53653' state changed to Executing.
[Callback]: ComputeUnit '5485b8732330e03c67f53654' state changed to Executing.
[Callback]: ComputeUnit '5485b8742330e03c67f53655' state changed to Scheduling.
[Callback]: ComputeUnit '5485b8742330e03c67f53657' state changed to PendingExecution.
[Callback]: ComputeUnit '5485b8752330e03c67f53658' state changed to Executing.
[Callback]: ComputeUnit '5485b8742330e03c67f53655' state changed to Executing.
[Callback]: ComputeUnit '5485b8742330e03c67f53656' state changed to Executing.
[Callback]: ComputeUnit '5485b8742330e03c67f53657' state changed to Scheduling.
[Callback]: ComputeUnit '5485b8752330e03c67f53659' state changed to PendingExecution.
[Callback]: ComputeUnit '5485b8742330e03c67f53657' state changed to Executing.
[Callback]: ComputeUnit '5485b8752330e03c67f53659' state changed to Scheduling.
[Callback]: ComputeUnit '5485b8752330e03c67f5365a' state changed to PendingExecution.
[Callback]: ComputeUnit '5485b8752330e03c67f5365a' state changed to Scheduling.
[Callback]: ComputeUnit '5485b8762330e03c67f5365b' state changed to PendingExecution.
[Callback]: ComputeUnit '5485b8762330e03c67f5365b' state changed to Scheduling.
[Callback]: ComputeUnit '5485b8762330e03c67f5365c' state changed to PendingExecution.
[Callback]: ComputeUnit '5485b8772330e03c67f5365d' state changed to PendingExecution.
[Callback]: ComputeUnit '5485b8762330e03c67f5365c' state changed to Scheduling.
[Callback]: ComputeUnit '5485b8772330e03c67f5365d' state changed to Scheduling.
[Callback]: ComputeUnit '5485b8782330e03c67f5365e' state changed to PendingExecution.
[Callback]: ComputeUnit '5485b8782330e03c67f5365f' state changed to PendingExecution.
[Callback]: ComputeUnit '5485b8782330e03c67f5365e' state changed to Scheduling.
[Callback]: ComputeUnit '5485b8782330e03c67f5365f' state changed to Scheduling.
[Callback]: ComputeUnit '5485b8792330e03c67f53660' state changed to Scheduling.
[Callback]: ComputeUnit '5485b8782330e03c67f5365f' state changed to Executing.
[Callback]: ComputeUnit '5485b8722330e03c67f53651' state changed to StagingOutput.
[Callback]: ComputeUnit '5485b8732330e03c67f53654' state changed to StagingOutput.
[Callback]: ComputeUnit '5485b8752330e03c67f53659' state changed to Executing.
[Callback]: ComputeUnit '5485b8732330e03c67f53652' state changed to StagingOutput.
[Callback]: ComputeUnit '5485b8732330e03c67f53653' state changed to StagingOutput.
[Callback]: ComputeUnit '5485b8762330e03c67f5365c' state changed to Executing.
[Callback]: ComputeUnit '5485b8782330e03c67f5365e' state changed to Executing.
[Callback]: ComputeUnit '5485b8742330e03c67f53655' state changed to StagingOutput.
[Callback]: ComputeUnit '5485b8752330e03c67f5365a' state changed to Executing.
[Callback]: ComputeUnit '5485b8772330e03c67f5365d' state changed to Executing.
[Callback]: ComputeUnit '5485b8752330e03c67f53658' state changed to StagingOutput.
[Callback]: ComputeUnit '5485b8742330e03c67f53657' state changed to StagingOutput.
[Callback]: ComputeUnit '5485b8742330e03c67f53656' state changed to StagingOutput.
[Callback]: ComputeUnit '5485b8762330e03c67f5365b' state changed to Executing.
[Callback]: ComputeUnit '5485b8792330e03c67f53660' state changed to Executing.
[Callback]: ComputeUnit '5485b8732330e03c67f53652' state changed to Done.
[Callback]: ComputeUnit '5485b8722330e03c67f53651' state changed to Done.
[Callback]: ComputeUnit '5485b8732330e03c67f53653' state changed to Done.
[Callback]: ComputeUnit '5485b8752330e03c67f53658' state changed to Done.
[Callback]: ComputeUnit '5485b8742330e03c67f53655' state changed to Done.
[Callback]: ComputeUnit '5485b8762330e03c67f5365c' state changed to StagingOutput.
[Callback]: ComputeUnit '5485b8782330e03c67f5365e' state changed to StagingOutput.
[Callback]: ComputeUnit '5485b8752330e03c67f53659' state changed to StagingOutput.
[Callback]: ComputeUnit '5485b8732330e03c67f53654' state changed to Done.
[Callback]: ComputeUnit '5485b8782330e03c67f5365f' state changed to StagingOutput.
[Callback]: ComputeUnit '5485b8752330e03c67f5365a' state changed to StagingOutput.
[Callback]: ComputeUnit '5485b8762330e03c67f5365b' state changed to StagingOutput.
[Callback]: ComputeUnit '5485b8772330e03c67f5365d' state changed to StagingOutput.
[Callback]: ComputeUnit '5485b8792330e03c67f53660' state changed to StagingOutput.
[Callback]: ComputeUnit '5485b8742330e03c67f53657' state changed to Done.
[Callback]: ComputeUnit '5485b8752330e03c67f5365a' state changed to Done.
[Callback]: ComputeUnit '5485b8752330e03c67f53659' state changed to Done.
[Callback]: ComputeUnit '5485b8742330e03c67f53656' state changed to Done.
[Callback]: ComputeUnit '5485b8782330e03c67f5365f' state changed to Done.
[Callback]: ComputeUnit '5485b8762330e03c67f5365b' state changed to Done.
[Callback]: ComputeUnit '5485b8762330e03c67f5365c' state changed to Done.
[Callback]: ComputeUnit '5485b8772330e03c67f5365d' state changed to Done.
[Callback]: ComputeUnit '5485b8792330e03c67f53660' state changed to Done.
[Callback]: ComputeUnit '5485b8782330e03c67f5365e' state changed to Done.
Simulation Execution Time :  27.902
Closing session, exiting now ...
[Callback]: ComputePilot '5485b62f2330e03c67f535d8' state changed to Canceled.
