$ RADICAL_PILOT_VERBOSE='debug' SAGA_VERBOSE='debug' extasy --RPconfig stampede.rcfg --Kconfig gromacslsdmap.wcfg 2> extasy.log
Session UID: 54833efe2330e07539fc6722 
Pilot UID       : 54833efe2330e07539fc6724 
Loading kernel configurations from /home/vivek/Research/rc5-tests/test/lib/python2.7/site-packages/radical/ensemblemd/mdkernels/configs/lsdmap.json
Loading kernel configurations from /home/vivek/Research/rc5-tests/test/lib/python2.7/site-packages/radical/ensemblemd/mdkernels/configs/coco.json
Loading kernel configurations from /home/vivek/Research/rc5-tests/test/lib/python2.7/site-packages/radical/ensemblemd/mdkernels/configs/test.json
Loading kernel configurations from /home/vivek/Research/rc5-tests/test/lib/python2.7/site-packages/radical/ensemblemd/mdkernels/configs/sleep.json
Loading kernel configurations from /home/vivek/Research/rc5-tests/test/lib/python2.7/site-packages/radical/ensemblemd/mdkernels/configs/mmpbsa.json
Loading kernel configurations from /home/vivek/Research/rc5-tests/test/lib/python2.7/site-packages/radical/ensemblemd/mdkernels/configs/amber.json
Loading kernel configurations from /home/vivek/Research/rc5-tests/test/lib/python2.7/site-packages/radical/ensemblemd/mdkernels/configs/namd.json
Loading kernel configurations from /home/vivek/Research/rc5-tests/test/lib/python2.7/site-packages/radical/ensemblemd/mdkernels/configs/gromacs.json
Cycle : 0
Preprocessing stage ....
[Callback]: ComputeUnit '54833f032330e07539fc6726' state changed to PendingInputStaging.
[Callback]: ComputeUnit '54833f032330e07539fc6726' state changed to StagingInput.
[Callback]: ComputePilot '54833efe2330e07539fc6724' state changed to Launching.
[Callback]: ComputeUnit '54833f032330e07539fc6726' state changed to PendingExecution.
[Callback]: ComputePilot '54833efe2330e07539fc6724' state changed to PendingActive.
[Callback]: ComputePilot '54833efe2330e07539fc6724' state changed to Active.
[Callback]: ComputeUnit '54833f032330e07539fc6726' state changed to Scheduling.
[Callback]: ComputeUnit '54833f032330e07539fc6726' state changed to Executing.
[Callback]: ComputeUnit '54833f032330e07539fc6726' state changed to Done.
Starting Simulation
[Callback]: ComputeUnit '54833f6f2330e07539fc6734' state changed to PendingExecution.
[Callback]: ComputeUnit '54833f6f2330e07539fc672c' state changed to PendingExecution.
[Callback]: ComputeUnit '54833f6f2330e07539fc6730' state changed to PendingExecution.
[Callback]: ComputeUnit '54833f6f2330e07539fc672e' state changed to PendingExecution.
[Callback]: ComputeUnit '54833f6f2330e07539fc6731' state changed to PendingExecution.
[Callback]: ComputeUnit '54833f6f2330e07539fc6732' state changed to PendingExecution.
[Callback]: ComputeUnit '54833f6f2330e07539fc672a' state changed to PendingExecution.
[Callback]: ComputeUnit '54833f6f2330e07539fc672d' state changed to PendingExecution.
[Callback]: ComputeUnit '54833f6f2330e07539fc6728' state changed to PendingExecution.
[Callback]: ComputeUnit '54833f6f2330e07539fc672f' state changed to PendingExecution.
[Callback]: ComputeUnit '54833f6f2330e07539fc6727' state changed to PendingExecution.
[Callback]: ComputeUnit '54833f6f2330e07539fc672b' state changed to PendingExecution.
[Callback]: ComputeUnit '54833f6f2330e07539fc6729' state changed to PendingExecution.
[Callback]: ComputeUnit '54833f6f2330e07539fc6736' state changed to PendingExecution.
[Callback]: ComputeUnit '54833f6f2330e07539fc6733' state changed to PendingExecution.
[Callback]: ComputeUnit '54833f6f2330e07539fc6735' state changed to PendingExecution.
[Callback]: ComputeUnit '54833f6f2330e07539fc6727' state changed to Scheduling.
[Callback]: ComputeUnit '54833f6f2330e07539fc6728' state changed to Scheduling.
[Callback]: ComputeUnit '54833f6f2330e07539fc6727' state changed to Executing.
[Callback]: ComputeUnit '54833f6f2330e07539fc6728' state changed to Executing.
[Callback]: ComputeUnit '54833f6f2330e07539fc6729' state changed to Scheduling.
[Callback]: ComputeUnit '54833f6f2330e07539fc6729' state changed to Executing.
[Callback]: ComputeUnit '54833f6f2330e07539fc672a' state changed to Scheduling.
[Callback]: ComputeUnit '54833f6f2330e07539fc672a' state changed to Executing.
[Callback]: ComputeUnit '54833f6f2330e07539fc672b' state changed to Scheduling.
[Callback]: ComputeUnit '54833f6f2330e07539fc672b' state changed to Executing.
[Callback]: ComputeUnit '54833f6f2330e07539fc672c' state changed to Scheduling.
[Callback]: ComputeUnit '54833f6f2330e07539fc672c' state changed to Executing.
[Callback]: ComputeUnit '54833f6f2330e07539fc672d' state changed to Scheduling.
[Callback]: ComputeUnit '54833f6f2330e07539fc672d' state changed to Executing.
[Callback]: ComputeUnit '54833f6f2330e07539fc672e' state changed to Scheduling.
[Callback]: ComputeUnit '54833f6f2330e07539fc672e' state changed to Executing.
[Callback]: ComputeUnit '54833f6f2330e07539fc672f' state changed to Scheduling.
[Callback]: ComputeUnit '54833f6f2330e07539fc672f' state changed to Executing.
[Callback]: ComputeUnit '54833f6f2330e07539fc6730' state changed to Scheduling.
[Callback]: ComputeUnit '54833f6f2330e07539fc6730' state changed to Executing.
[Callback]: ComputeUnit '54833f6f2330e07539fc6731' state changed to Scheduling.
[Callback]: ComputeUnit '54833f6f2330e07539fc6732' state changed to Scheduling.
[Callback]: ComputeUnit '54833f6f2330e07539fc6731' state changed to Executing.
[Callback]: ComputeUnit '54833f6f2330e07539fc6732' state changed to Executing.
[Callback]: ComputeUnit '54833f6f2330e07539fc6733' state changed to Scheduling.
[Callback]: ComputeUnit '54833f6f2330e07539fc6733' state changed to Executing.
[Callback]: ComputeUnit '54833f6f2330e07539fc6734' state changed to Scheduling.
[Callback]: ComputeUnit '54833f6f2330e07539fc6735' state changed to Scheduling.
[Callback]: ComputeUnit '54833f6f2330e07539fc6734' state changed to Executing.
[Callback]: ComputeUnit '54833f6f2330e07539fc6735' state changed to Executing.
[Callback]: ComputeUnit '54833f6f2330e07539fc6736' state changed to Scheduling.
[Callback]: ComputeUnit '54833f6f2330e07539fc6736' state changed to Executing.
[Callback]: ComputeUnit '54833f6f2330e07539fc6732' state changed to Done.
[Callback]: ComputeUnit '54833f6f2330e07539fc6733' state changed to Done.
[Callback]: ComputeUnit '54833f6f2330e07539fc672f' state changed to Done.
[Callback]: ComputeUnit '54833f6f2330e07539fc6730' state changed to Done.
[Callback]: ComputeUnit '54833f6f2330e07539fc6731' state changed to Done.
[Callback]: ComputeUnit '54833f6f2330e07539fc6734' state changed to Done.
[Callback]: ComputeUnit '54833f6f2330e07539fc6735' state changed to Done.
[Callback]: ComputeUnit '54833f6f2330e07539fc6736' state changed to Done.
[Callback]: ComputeUnit '54833f6f2330e07539fc6729' state changed to Done.
[Callback]: ComputeUnit '54833f6f2330e07539fc672c' state changed to Done.
[Callback]: ComputeUnit '54833f6f2330e07539fc672a' state changed to Done.
[Callback]: ComputeUnit '54833f6f2330e07539fc672b' state changed to Done.
[Callback]: ComputeUnit '54833f6f2330e07539fc672d' state changed to Done.
[Callback]: ComputeUnit '54833f6f2330e07539fc672e' state changed to Done.
[Callback]: ComputeUnit '54833f6f2330e07539fc6728' state changed to Done.
[Callback]: ComputeUnit '54833f6f2330e07539fc6727' state changed to Done.
Simulation Execution Time :  56.552
Starting Analysis
[Callback]: ComputeUnit '54833fa92330e07539fc6737' state changed to Executing.
[Callback]: ComputeUnit '54833fa92330e07539fc6737' state changed to Done.
Select + Reweighting step
[Callback]: ComputeUnit '54833fbc2330e07539fc6738' state changed to PendingExecution.
[Callback]: ComputeUnit '54833fbc2330e07539fc6738' state changed to Executing.
[Callback]: ComputeUnit '54833fbc2330e07539fc6738' state changed to Done.
Analysis Execution time :  21.719
Cycle : 1
Preprocessing stage ....
[Callback]: ComputeUnit '54833fc12330e07539fc6739' state changed to PendingExecution.
[Callback]: ComputeUnit '54833fc12330e07539fc6739' state changed to Scheduling.
[Callback]: ComputeUnit '54833fc12330e07539fc6739' state changed to Executing.
[Callback]: ComputeUnit '54833fc12330e07539fc6739' state changed to Done.
Starting Simulation
[Callback]: ComputeUnit '54833fe12330e07539fc673a' state changed to PendingExecution.
[Callback]: ComputeUnit '54833fe12330e07539fc6743' state changed to PendingExecution.
[Callback]: ComputeUnit '54833fe12330e07539fc6744' state changed to PendingExecution.
[Callback]: ComputeUnit '54833fe12330e07539fc6745' state changed to PendingExecution.
[Callback]: ComputeUnit '54833fe12330e07539fc673b' state changed to PendingExecution.
[Callback]: ComputeUnit '54833fe12330e07539fc673c' state changed to PendingExecution.
[Callback]: ComputeUnit '54833fe12330e07539fc673f' state changed to PendingExecution.
[Callback]: ComputeUnit '54833fe12330e07539fc6741' state changed to PendingExecution.
[Callback]: ComputeUnit '54833fe12330e07539fc673a' state changed to Scheduling.
[Callback]: ComputeUnit '54833fe12330e07539fc673b' state changed to Scheduling.
[Callback]: ComputeUnit '54833fe12330e07539fc673d' state changed to PendingExecution.
[Callback]: ComputeUnit '54833fe12330e07539fc6746' state changed to PendingExecution.
[Callback]: ComputeUnit '54833fe12330e07539fc6747' state changed to PendingExecution.
[Callback]: ComputeUnit '54833fe12330e07539fc6748' state changed to PendingExecution.
[Callback]: ComputeUnit '54833fe12330e07539fc6749' state changed to PendingExecution.
[Callback]: ComputeUnit '54833fe12330e07539fc673a' state changed to Executing.
[Callback]: ComputeUnit '54833fe12330e07539fc673b' state changed to Executing.
[Callback]: ComputeUnit '54833fe12330e07539fc673c' state changed to Scheduling.
[Callback]: ComputeUnit '54833fe12330e07539fc673e' state changed to PendingExecution.
[Callback]: ComputeUnit '54833fe12330e07539fc6740' state changed to PendingExecution.
[Callback]: ComputeUnit '54833fe12330e07539fc6742' state changed to PendingExecution.
[Callback]: ComputeUnit '54833fe12330e07539fc673c' state changed to Executing.
[Callback]: ComputeUnit '54833fe12330e07539fc673d' state changed to Executing.
[Callback]: ComputeUnit '54833fe12330e07539fc673e' state changed to Scheduling.
[Callback]: ComputeUnit '54833fe12330e07539fc673e' state changed to Executing.
[Callback]: ComputeUnit '54833fe12330e07539fc673f' state changed to Scheduling.
[Callback]: ComputeUnit '54833fe12330e07539fc673f' state changed to Executing.
[Callback]: ComputeUnit '54833fe12330e07539fc6740' state changed to Scheduling.
[Callback]: ComputeUnit '54833fe12330e07539fc6740' state changed to Executing.
[Callback]: ComputeUnit '54833fe12330e07539fc6741' state changed to Executing.
[Callback]: ComputeUnit '54833fe12330e07539fc6742' state changed to Executing.
[Callback]: ComputeUnit '54833fe12330e07539fc6743' state changed to Executing.
[Callback]: ComputeUnit '54833fe12330e07539fc6744' state changed to Executing.
[Callback]: ComputeUnit '54833fe12330e07539fc6745' state changed to Executing.
[Callback]: ComputeUnit '54833fe12330e07539fc6746' state changed to Scheduling.
[Callback]: ComputeUnit '54833fe12330e07539fc6746' state changed to Executing.
[Callback]: ComputeUnit '54833fe12330e07539fc6747' state changed to Scheduling.
[Callback]: ComputeUnit '54833fe12330e07539fc6747' state changed to Executing.
[Callback]: ComputeUnit '54833fe12330e07539fc6748' state changed to Scheduling.
[Callback]: ComputeUnit '54833fe12330e07539fc6748' state changed to Executing.
[Callback]: ComputeUnit '54833fe12330e07539fc6749' state changed to Scheduling.
[Callback]: ComputeUnit '54833fe12330e07539fc6749' state changed to Executing.
[Callback]: ComputeUnit '54833fe12330e07539fc673b' state changed to Done.
[Callback]: ComputeUnit '54833fe12330e07539fc673c' state changed to Done.
[Callback]: ComputeUnit '54833fe12330e07539fc673d' state changed to Done.
[Callback]: ComputeUnit '54833fe12330e07539fc673f' state changed to Done.
[Callback]: ComputeUnit '54833fe12330e07539fc6740' state changed to Done.
[Callback]: ComputeUnit '54833fe12330e07539fc673e' state changed to Done.
[Callback]: ComputeUnit '54833fe12330e07539fc6741' state changed to Done.
[Callback]: ComputeUnit '54833fe12330e07539fc6742' state changed to Done.
[Callback]: ComputeUnit '54833fe12330e07539fc6743' state changed to Done.
[Callback]: ComputeUnit '54833fe12330e07539fc6744' state changed to Done.
[Callback]: ComputeUnit '54833fe12330e07539fc6745' state changed to Done.
[Callback]: ComputeUnit '54833fe12330e07539fc6746' state changed to Done.
[Callback]: ComputeUnit '54833fe12330e07539fc6747' state changed to Done.
[Callback]: ComputeUnit '54833fe12330e07539fc673a' state changed to Done.
[Callback]: ComputeUnit '54833fe12330e07539fc6749' state changed to Done.
[Callback]: ComputeUnit '54833fe12330e07539fc6748' state changed to Done.
Simulation Execution Time :  94.767
Starting Analysis
[Callback]: ComputeUnit '548340412330e07539fc674a' state changed to PendingExecution.
[Callback]: ComputeUnit '548340412330e07539fc674a' state changed to Scheduling.
[Callback]: ComputeUnit '548340412330e07539fc674a' state changed to Executing.
[Callback]: ComputeUnit '548340412330e07539fc674a' state changed to Done.
Select + Reweighting step
[Callback]: ComputeUnit '548340532330e07539fc674b' state changed to PendingExecution.
[Callback]: ComputeUnit '548340532330e07539fc674b' state changed to Executing.
[Callback]: ComputeUnit '548340532330e07539fc674b' state changed to StagingOutput.
[Callback]: ComputeUnit '548340532330e07539fc674b' state changed to Done.
Analysis Execution time :  20.053
Cycle : 2
Preprocessing stage ....
[Callback]: ComputeUnit '5483405e2330e07539fc674c' state changed to PendingInputStaging.
[Callback]: ComputeUnit '5483405e2330e07539fc674c' state changed to StagingInput.
[Callback]: ComputeUnit '5483405e2330e07539fc674c' state changed to PendingExecution.
[Callback]: ComputeUnit '5483405e2330e07539fc674c' state changed to Scheduling.
[Callback]: ComputeUnit '5483405e2330e07539fc674c' state changed to Executing.
[Callback]: ComputeUnit '5483405e2330e07539fc674c' state changed to Done.
Starting Simulation
[Callback]: ComputeUnit '548340812330e07539fc674e' state changed to PendingExecution.
[Callback]: ComputeUnit '548340812330e07539fc6750' state changed to PendingExecution.
[Callback]: ComputeUnit '548340812330e07539fc6751' state changed to PendingExecution.
[Callback]: ComputeUnit '548340812330e07539fc6752' state changed to PendingExecution.
[Callback]: ComputeUnit '548340812330e07539fc6753' state changed to PendingExecution.
[Callback]: ComputeUnit '548340812330e07539fc6755' state changed to PendingExecution.
[Callback]: ComputeUnit '548340812330e07539fc6758' state changed to PendingExecution.
[Callback]: ComputeUnit '548340812330e07539fc6759' state changed to PendingExecution.
[Callback]: ComputeUnit '548340812330e07539fc675c' state changed to PendingExecution.
[Callback]: ComputeUnit '548340812330e07539fc674d' state changed to PendingExecution.
[Callback]: ComputeUnit '548340812330e07539fc674f' state changed to PendingExecution.
[Callback]: ComputeUnit '548340812330e07539fc6756' state changed to PendingExecution.
[Callback]: ComputeUnit '548340812330e07539fc6757' state changed to PendingExecution.
[Callback]: ComputeUnit '548340812330e07539fc675a' state changed to PendingExecution.
[Callback]: ComputeUnit '548340812330e07539fc675b' state changed to PendingExecution.
[Callback]: ComputeUnit '548340812330e07539fc6754' state changed to PendingExecution.
[Callback]: ComputeUnit '548340812330e07539fc674d' state changed to Executing.
[Callback]: ComputeUnit '548340812330e07539fc674e' state changed to Scheduling.
[Callback]: ComputeUnit '548340812330e07539fc674e' state changed to Executing.
[Callback]: ComputeUnit '548340812330e07539fc674f' state changed to Executing.
[Callback]: ComputeUnit '548340812330e07539fc6750' state changed to Executing.
[Callback]: ComputeUnit '548340812330e07539fc6751' state changed to Executing.
[Callback]: ComputeUnit '548340812330e07539fc6752' state changed to Executing.
[Callback]: ComputeUnit '548340812330e07539fc6753' state changed to Scheduling.
[Callback]: ComputeUnit '548340812330e07539fc6753' state changed to Executing.
[Callback]: ComputeUnit '548340812330e07539fc6754' state changed to Executing.
[Callback]: ComputeUnit '548340812330e07539fc6755' state changed to Scheduling.
[Callback]: ComputeUnit '548340812330e07539fc6755' state changed to Executing.
[Callback]: ComputeUnit '548340812330e07539fc6756' state changed to Executing.
[Callback]: ComputeUnit '548340812330e07539fc6757' state changed to Executing.
[Callback]: ComputeUnit '548340812330e07539fc6758' state changed to Scheduling.
[Callback]: ComputeUnit '548340812330e07539fc6758' state changed to Executing.
[Callback]: ComputeUnit '548340812330e07539fc6759' state changed to Executing.
[Callback]: ComputeUnit '548340812330e07539fc675a' state changed to Scheduling.
[Callback]: ComputeUnit '548340812330e07539fc675a' state changed to Executing.
[Callback]: ComputeUnit '548340812330e07539fc675b' state changed to Executing.
[Callback]: ComputeUnit '548340812330e07539fc675c' state changed to Executing.
[Callback]: ComputeUnit '548340812330e07539fc674e' state changed to Done.
[Callback]: ComputeUnit '548340812330e07539fc674f' state changed to Done.
[Callback]: ComputeUnit '548340812330e07539fc6750' state changed to Done.
[Callback]: ComputeUnit '548340812330e07539fc6752' state changed to Done.
[Callback]: ComputeUnit '548340812330e07539fc6757' state changed to Done.
[Callback]: ComputeUnit '548340812330e07539fc6751' state changed to Done.
[Callback]: ComputeUnit '548340812330e07539fc6758' state changed to Done.
[Callback]: ComputeUnit '548340812330e07539fc6753' state changed to Done.
[Callback]: ComputeUnit '548340812330e07539fc6754' state changed to Done.
[Callback]: ComputeUnit '548340812330e07539fc6755' state changed to Done.
[Callback]: ComputeUnit '548340812330e07539fc6756' state changed to Done.
[Callback]: ComputeUnit '548340812330e07539fc6759' state changed to Done.
[Callback]: ComputeUnit '548340812330e07539fc675a' state changed to Done.
[Callback]: ComputeUnit '548340812330e07539fc675b' state changed to Done.
[Callback]: ComputeUnit '548340812330e07539fc674d' state changed to Done.
[Callback]: ComputeUnit '548340812330e07539fc675c' state changed to Done.
Simulation Execution Time :  97.543
Starting Analysis
[Callback]: ComputeUnit '548340e52330e07539fc675d' state changed to Executing.
[Callback]: ComputeUnit '548340e52330e07539fc675d' state changed to Done.
Select + Reweighting step
[Callback]: ComputeUnit '548340f72330e07539fc675e' state changed to PendingExecution.
[Callback]: ComputeUnit '548340f72330e07539fc675e' state changed to Scheduling.
[Callback]: ComputeUnit '548340f72330e07539fc675e' state changed to Executing.
[Callback]: ComputeUnit '548340f72330e07539fc675e' state changed to Done.
Analysis Execution time :  20.608
Closing session, exiting now ...
[Callback]: ComputePilot '54833efe2330e07539fc6724' state changed to Canceled.
