*** pyCoCo ***

Trajectory files to be analysed:
md_1_1.ncdf: 1 frames
md_1_14.ncdf: 1 frames
md_2_12.ncdf: 1 frames
md_2_2.ncdf: 1 frames
md_1_9.ncdf: 1 frames
md_2_3.ncdf: 1 frames
md_1_12.ncdf: 1 frames
md_2_7.ncdf: 1 frames
md_1_16.ncdf: 1 frames
md_1_2.ncdf: 1 frames
md_1_4.ncdf: 1 frames
md_1_7.ncdf: 1 frames
md_2_1.ncdf: 1 frames
md_2_6.ncdf: 1 frames
md_2_10.ncdf: 1 frames
md_1_8.ncdf: 1 frames
md_1_11.ncdf: 1 frames
md_1_10.ncdf: 1 frames
md_2_8.ncdf: 1 frames
md_2_11.ncdf: 1 frames
md_1_5.ncdf: 1 frames
md_1_13.ncdf: 1 frames
md_1_15.ncdf: 1 frames
md_2_16.ncdf: 1 frames
md_2_14.ncdf: 1 frames
md_1_3.ncdf: 1 frames
md_2_5.ncdf: 1 frames
md_2_4.ncdf: 1 frames
md_1_6.ncdf: 1 frames
md_2_13.ncdf: 1 frames
md_2_9.ncdf: 1 frames
md_2_15.ncdf: 1 frames

Warning - gridsize too small for number of
output structures, resetting it to 6

Total variance in trajectory data: 36.85

Conformational sampling map will be generated in
3 dimensions at a resolution of 6 points
in each dimension.

16 complementary structures will be generated.

Sampled volume: 551.296828827 Ang.^3.

Coordinates of new structures in PC space:
   0  -9.60  -6.97  -8.62
   1  -9.60   4.76   4.80
   2  -9.60  -6.97   4.80
   3  -9.60   4.76  -8.62
   4   5.49  -6.97  -8.62
   5   5.49  -6.97   4.80
   6   5.49   4.76  -8.62
   7   5.49   4.76   4.80
   8  -9.60  -2.28  -8.62
   9  -3.56  -6.97   4.80
  10  -3.56   4.76   4.80
  11  -9.60  -6.97  -3.25
  12  -9.60   0.07  -0.57
  13  -9.60   0.07   4.80
  14  -9.60   4.76  -0.57
  15  -3.56  -6.97  -8.62

RMSD matrix for new structures:
  0.00  2.44  1.88  1.62  2.07  2.77  2.62  3.18  0.62  2.05  2.58  0.72  1.43  2.10  1.98  0.96
  2.44  0.00  1.66  1.86  3.15  2.59  2.73  2.06  2.08  1.83  0.93  1.98  1.10  0.96  0.70  2.55
  1.88  1.66  0.00  2.40  2.67  2.18  3.16  2.63  1.97  0.79  1.89  1.22  1.28  1.09  1.81  2.02
  1.62  1.86  2.40  0.00  2.57  3.17  1.98  2.75  1.05  2.57  2.02  1.75  1.30  1.97  1.24  1.84
  2.07  3.15  2.67  2.57  0.00  1.91  1.56  2.41  2.18  2.15  2.74  2.18  2.53  2.89  2.79  1.20
  2.77  2.59  2.18  3.17  1.91  0.00  2.38  1.62  2.85  1.54  2.01  2.36  2.42  2.34  2.70  2.27
  2.62  2.73  3.16  1.98  1.56  2.38  0.00  1.82  2.29  2.71  2.23  2.72  2.41  2.79  2.34  2.01
  3.18  2.06  2.63  2.75  2.41  1.62  1.82  0.00  2.94  2.08  1.26  2.85  2.33  2.20  2.18  2.69
  0.62  2.08  1.97  1.05  2.18  2.85  2.29  2.94  0.00  2.13  2.25  0.94  1.12  1.90  1.52  1.15
  2.05  1.83  0.79  2.57  2.15  1.54  2.71  2.08  2.13  0.00  1.71  1.46  1.51  1.34  1.98  1.86
  2.58  0.93  1.89  2.02  2.74  2.01  2.23  1.26  2.25  1.71  0.00  2.15  1.38  1.24  1.17  2.46
  0.72  1.98  1.22  1.75  2.18  2.36  2.72  2.85  0.94  1.46  2.15  0.00  0.99  1.54  1.70  1.19
  1.43  1.10  1.28  1.30  2.53  2.42  2.41  2.33  1.12  1.51  1.38  0.99  0.00  0.91  0.84  1.72
  2.10  0.96  1.09  1.97  2.89  2.34  2.79  2.20  1.90  1.34  1.24  1.54  0.91  0.00  1.19  2.24
  1.98  0.70  1.81  1.24  2.79  2.70  2.34  2.18  1.52  1.98  1.17  1.70  0.84  1.19  0.00  2.11
  0.96  2.55  2.02  1.84  1.20  2.27  2.01  2.69  1.15  1.86  2.46  1.19  1.72  2.24  2.11  0.00
