Log file opened on Thu Jan 16 14:43:48 2014
Host: login2.davinci.rice.edu  pid: 16807  nodeid: 0  nnodes:  1
Gromacs version:    VERSION 4.6.2
Precision:          single
Memory model:       64 bit
MPI library:        thread_mpi
OpenMP support:     enabled
GPU support:        disabled
invsqrt routine:    gmx_software_invsqrt(x)
CPU acceleration:   SSE4.1
FFT library:        fftw-3.3
Large file support: enabled
RDTSCP usage:       enabled
Built on:           Mon Jun 10 10:09:54 CDT 2013
Built by:           mar3@login1.davinci.rice.edu [CMAKE]
Build OS/arch:      Linux 2.6.32-220.13.1.el6.x86_64 x86_64
Build CPU vendor:   GenuineIntel
Build CPU brand:    Intel(R) Xeon(R) CPU           X5660  @ 2.80GHz
Build CPU family:   6   Model: 44   Stepping: 2
Build CPU features: aes apic clfsh cmov cx8 cx16 htt lahf_lm mmx msr nonstop_tsc pcid pclmuldq pdcm pdpe1gb popcnt pse rdtscp sse2 sse3 sse4.1 sse4.2 ssse3
C compiler:         /usr/bin/cc GNU cc (GCC) 4.4.6 20110731 (Red Hat 4.4.6-3)
C compiler flags:   -msse4.1    -Wextra -Wno-missing-field-initializers -Wno-sign-compare -Wall -Wno-unused -Wunused-value   -fomit-frame-pointer -funroll-all-loops  -O3 -DNDEBUG


                         :-)  G  R  O  M  A  C  S  (-:

                   Groningen Machine for Chemical Simulation

                            :-)  VERSION 4.6.2  (-:

        Contributions from Mark Abraham, Emile Apol, Rossen Apostolov, 
           Herman J.C. Berendsen, Aldert van Buuren, Pär Bjelkmar,  
     Rudi van Drunen, Anton Feenstra, Gerrit Groenhof, Christoph Junghans, 
        Peter Kasson, Carsten Kutzner, Per Larsson, Pieter Meulenhoff, 
           Teemu Murtola, Szilard Pall, Sander Pronk, Roland Schulz, 
                Michael Shirts, Alfons Sijbers, Peter Tieleman,

               Berk Hess, David van der Spoel, and Erik Lindahl.

       Copyright (c) 1991-2000, University of Groningen, The Netherlands.
         Copyright (c) 2001-2012,2013, The GROMACS development team at
        Uppsala University & The Royal Institute of Technology, Sweden.
            check out http://www.gromacs.org for more information.

         This program is free software; you can redistribute it and/or
       modify it under the terms of the GNU Lesser General Public License
        as published by the Free Software Foundation; either version 2.1
             of the License, or (at your option) any later version.

                                :-)  mdrun  (-:


++++ PLEASE READ AND CITE THE FOLLOWING REFERENCE ++++
B. Hess and C. Kutzner and D. van der Spoel and E. Lindahl
GROMACS 4: Algorithms for highly efficient, load-balanced, and scalable
molecular simulation
J. Chem. Theory Comput. 4 (2008) pp. 435-447
-------- -------- --- Thank You --- -------- --------


++++ PLEASE READ AND CITE THE FOLLOWING REFERENCE ++++
D. van der Spoel, E. Lindahl, B. Hess, G. Groenhof, A. E. Mark and H. J. C.
Berendsen
GROMACS: Fast, Flexible and Free
J. Comp. Chem. 26 (2005) pp. 1701-1719
-------- -------- --- Thank You --- -------- --------


++++ PLEASE READ AND CITE THE FOLLOWING REFERENCE ++++
E. Lindahl and B. Hess and D. van der Spoel
GROMACS 3.0: A package for molecular simulation and trajectory analysis
J. Mol. Mod. 7 (2001) pp. 306-317
-------- -------- --- Thank You --- -------- --------


++++ PLEASE READ AND CITE THE FOLLOWING REFERENCE ++++
H. J. C. Berendsen, D. van der Spoel and R. van Drunen
GROMACS: A message-passing parallel molecular dynamics implementation
Comp. Phys. Comm. 91 (1995) pp. 43-56
-------- -------- --- Thank You --- -------- --------

Input Parameters:
   integrator           = md
   nsteps               = 1000
   init-step            = 0
   cutoff-scheme        = Group
   ns_type              = Grid
   nstlist              = 10
   ndelta               = 2
   nstcomm              = 100
   comm-mode            = Linear
   nstlog               = 200
   nstxout              = 200
   nstvout              = 200
   nstfout              = 200
   nstcalcenergy        = 100
   nstenergy            = 200
   nstxtcout            = 200
   init-t               = 0
   delta-t              = 0.002
   xtcprec              = 1000
   fourierspacing       = 0.12
   nkx                  = 48
   nky                  = 48
   nkz                  = 48
   pme-order            = 4
   ewald-rtol           = 1e-05
   ewald-geometry       = 0
   epsilon-surface      = 0
   optimize-fft         = FALSE
   ePBC                 = xyz
   bPeriodicMols        = FALSE
   bContinuation        = FALSE
   bShakeSOR            = FALSE
   etc                  = V-rescale
   bPrintNHChains       = FALSE
   nsttcouple           = 10
   epc                  = Parrinello-Rahman
   epctype              = Isotropic
   nstpcouple           = 10
   tau-p                = 1
   ref-p (3x3):
      ref-p[    0]={ 1.00000e+00,  0.00000e+00,  0.00000e+00}
      ref-p[    1]={ 0.00000e+00,  1.00000e+00,  0.00000e+00}
      ref-p[    2]={ 0.00000e+00,  0.00000e+00,  1.00000e+00}
   compress (3x3):
      compress[    0]={ 4.50000e-05,  0.00000e+00,  0.00000e+00}
      compress[    1]={ 0.00000e+00,  4.50000e-05,  0.00000e+00}
      compress[    2]={ 0.00000e+00,  0.00000e+00,  4.50000e-05}
   refcoord-scaling     = No
   posres-com (3):
      posres-com[0]= 0.00000e+00
      posres-com[1]= 0.00000e+00
      posres-com[2]= 0.00000e+00
   posres-comB (3):
      posres-comB[0]= 0.00000e+00
      posres-comB[1]= 0.00000e+00
      posres-comB[2]= 0.00000e+00
   verlet-buffer-drift  = 0.005
   rlist                = 1.1
   rlistlong            = 1.1
   nstcalclr            = 0
   rtpi                 = 0.05
   coulombtype          = PME
   coulomb-modifier     = None
   rcoulomb-switch      = 0
   rcoulomb             = 1.1
   vdwtype              = Cut-off
   vdw-modifier         = None
   rvdw-switch          = 0
   rvdw                 = 1.1
   epsilon-r            = 1
   epsilon-rf           = inf
   tabext               = 1
   implicit-solvent     = No
   gb-algorithm         = Still
   gb-epsilon-solvent   = 80
   nstgbradii           = 1
   rgbradii             = 1
   gb-saltconc          = 0
   gb-obc-alpha         = 1
   gb-obc-beta          = 0.8
   gb-obc-gamma         = 4.85
   gb-dielectric-offset = 0.009
   sa-algorithm         = Ace-approximation
   sa-surface-tension   = 2.05016
   DispCorr             = No
   bSimTemp             = FALSE
   free-energy          = no
   nwall                = 0
   wall-type            = 9-3
   wall-atomtype[0]     = -1
   wall-atomtype[1]     = -1
   wall-density[0]      = 0
   wall-density[1]      = 0
   wall-ewald-zfac      = 3
   pull                 = no
   rotation             = FALSE
   disre                = No
   disre-weighting      = Conservative
   disre-mixed          = FALSE
   dr-fc                = 1000
   dr-tau               = 0
   nstdisreout          = 100
   orires-fc            = 0
   orires-tau           = 0
   nstorireout          = 100
   dihre-fc             = 0
   em-stepsize          = 0.01
   em-tol               = 10
   niter                = 20
   fc-stepsize          = 0
   nstcgsteep           = 1000
   nbfgscorr            = 10
   ConstAlg             = Lincs
   shake-tol            = 0.0001
   lincs-order          = 4
   lincs-warnangle      = 30
   lincs-iter           = 1
   bd-fric              = 0
   ld-seed              = 1993
   cos-accel            = 0
   deform (3x3):
      deform[    0]={ 0.00000e+00,  0.00000e+00,  0.00000e+00}
      deform[    1]={ 0.00000e+00,  0.00000e+00,  0.00000e+00}
      deform[    2]={ 0.00000e+00,  0.00000e+00,  0.00000e+00}
   adress               = FALSE
   userint1             = 0
   userint2             = 0
   userint3             = 0
   userint4             = 0
   userreal1            = 0
   userreal2            = 0
   userreal3            = 0
   userreal4            = 0
grpopts:
   nrdf:     2521.65     19329.3
   ref-t:         298         298
   tau-t:         0.2         0.2
anneal:          No          No
ann-npoints:           0           0
   acc:	           0           0           0
   nfreeze:           N           N           N
   energygrp-flags[  0]: 0
   efield-x:
      n = 0
   efield-xt:
      n = 0
   efield-y:
      n = 0
   efield-yt:
      n = 0
   efield-z:
      n = 0
   efield-zt:
      n = 0
   bQMMM                = FALSE
   QMconstraints        = 0
   QMMMscheme           = 0
   scalefactor          = 1
qm-opts:
   ngQM                 = 0

Initializing Domain Decomposition on 12 nodes
Dynamic load balancing: auto
Will sort the charge groups at every domain (re)decomposition
Initial maximum inter charge-group distances:
    two-body bonded interactions: 0.592 nm, LJ-14, atoms 903 913
  multi-body bonded interactions: 0.592 nm, Proper Dih., atoms 903 913
Minimum cell size due to bonded interactions: 0.651 nm
Maximum distance for 5 constraints, at 120 deg. angles, all-trans: 0.820 nm
Estimated maximum distance required for P-LINCS: 0.820 nm
This distance will limit the DD cell size, you can override this with -rcon
Using 0 separate PME nodes, as there are too few total
 nodes for efficient splitting
Scaling the initial minimum size with 1/0.8 (option -dds) = 1.25
Optimizing the DD grid for 12 cells with a minimum initial size of 1.025 nm
The maximum allowed number of cells is: X 4 Y 4 Z 3
Domain decomposition grid 4 x 3 x 1, separate PME nodes 0
PME domain decomposition: 4 x 3 x 1
Domain decomposition nodeid 0, coordinates 0 0 0

Using 12 MPI threads

Detecting CPU-specific acceleration.
Present hardware specification:
Vendor: GenuineIntel
Brand:  Intel(R) Xeon(R) CPU           X5660  @ 2.80GHz
Family:  6  Model: 44  Stepping:  2
Features: aes apic clfsh cmov cx8 cx16 htt lahf_lm mmx msr nonstop_tsc pcid pclmuldq pdcm pdpe1gb popcnt pse rdtscp sse2 sse3 sse4.1 sse4.2 ssse3
Acceleration most likely to fit this hardware: SSE4.1
Acceleration selected at GROMACS compile time: SSE4.1

Table routines are used for coulomb: FALSE
Table routines are used for vdw:     FALSE
Will do PME sum in reciprocal space.

++++ PLEASE READ AND CITE THE FOLLOWING REFERENCE ++++
U. Essmann, L. Perera, M. L. Berkowitz, T. Darden, H. Lee and L. G. Pedersen 
A smooth particle mesh Ewald method
J. Chem. Phys. 103 (1995) pp. 8577-8592
-------- -------- --- Thank You --- -------- --------

Will do ordinary reciprocal space Ewald sum.
Using a Gaussian width (1/beta) of 0.352179 nm for Ewald
Cut-off's:   NS: 1.1   Coulomb: 1.1   LJ: 1.1
System total charge: 0.000
Generated table with 1050 data points for Ewald.
Tabscale = 500 points/nm
Generated table with 1050 data points for LJ6.
Tabscale = 500 points/nm
Generated table with 1050 data points for LJ12.
Tabscale = 500 points/nm
Generated table with 1050 data points for 1-4 COUL.
Tabscale = 500 points/nm
Generated table with 1050 data points for 1-4 LJ6.
Tabscale = 500 points/nm
Generated table with 1050 data points for 1-4 LJ12.
Tabscale = 500 points/nm

Enabling SPC-like water optimization for 3219 molecules.

Potential shift: LJ r^-12: 0.000 r^-6 0.000, Ewald 0.000e+00
Initialized non-bonded Ewald correction tables, spacing: 6.92e-04 size: 3036

Removing pbc first time
Pinning threads with an auto-selected logical core stride of 1

Initializing Parallel LINear Constraint Solver

++++ PLEASE READ AND CITE THE FOLLOWING REFERENCE ++++
B. Hess
P-LINCS: A Parallel Linear Constraint Solver for molecular simulation
J. Chem. Theory Comput. 4 (2008) pp. 116-122
-------- -------- --- Thank You --- -------- --------

The number of constraints is 1294
There are inter charge-group constraints,
will communicate selected coordinates each lincs iteration

++++ PLEASE READ AND CITE THE FOLLOWING REFERENCE ++++
S. Miyamoto and P. A. Kollman
SETTLE: An Analytical Version of the SHAKE and RATTLE Algorithms for Rigid
Water Models
J. Comp. Chem. 13 (1992) pp. 952-962
-------- -------- --- Thank You --- -------- --------


Linking all bonded interactions to atoms
There are 4569 inter charge-group exclusions,
will use an extra communication step for exclusion forces for PME

The initial number of communication pulses is: X 1 Y 1
The initial domain decomposition cell size is: X 1.12 nm Y 1.50 nm

The maximum allowed distance for charge groups involved in interactions is:
                 non-bonded interactions           1.100 nm
(the following are initial values, they could change due to box deformation)
            two-body bonded interactions  (-rdd)   1.100 nm
          multi-body bonded interactions  (-rdd)   1.100 nm
  atoms separated by up to 5 constraints  (-rcon)  1.124 nm

When dynamic load balancing gets turned on, these settings will change to:
The maximum number of communication pulses is: X 2 Y 2
The minimum size for domain decomposition cells is 0.858 nm
The requested allowed shrink of DD cells (option -dds) is: 0.80
The allowed shrink of domain decomposition cells is: X 0.76 Y 0.57
The maximum allowed distance for charge groups involved in interactions is:
                 non-bonded interactions           1.100 nm
            two-body bonded interactions  (-rdd)   1.100 nm
          multi-body bonded interactions  (-rdd)   0.858 nm
  atoms separated by up to 5 constraints  (-rcon)  0.858 nm


Making 2D domain decomposition grid 4 x 3 x 1, home cell index 0 0 0

Center of mass motion removal mode is Linear
We have the following groups for center of mass motion removal:
  0:  rest

++++ PLEASE READ AND CITE THE FOLLOWING REFERENCE ++++
G. Bussi, D. Donadio and M. Parrinello
Canonical sampling through velocity rescaling
J. Chem. Phys. 126 (2007) pp. 014101
-------- -------- --- Thank You --- -------- --------

There are: 10935 Atoms
Charge group distribution at step 0: 326 309 307 323 331 315 320 307 320 308 315 310
Grid: 8 x 9 x 6 cells

Constraining the starting coordinates (step 0)

Constraining the coordinates at t0-dt (step 0)
RMS relative constraint deviation after constraining: 1.01e-05
Initial temperature: 292.492 K

Started mdrun on node 0 Thu Jan 16 14:43:48 2014

           Step           Time         Lambda
              0        0.00000        0.00000


   Energies (kJ/mol)
       G96Angle    Proper Dih.  Improper Dih.          LJ-14     Coulomb-14
    1.95392e+03    1.00002e+03    6.24693e+02    3.16423e+02    1.51208e+04
        LJ (SR)   Coulomb (SR)   Coul. recip.      Potential    Kinetic En.
    1.81300e+04   -1.60301e+05   -3.06373e+04   -1.53792e+05    2.65505e+04
   Total Energy    Temperature Pressure (bar)   Constr. rmsd
   -1.27242e+05    2.92277e+02    1.43352e+02    1.68568e-05

DD  step 9 load imb.: force  8.6%

DD  step 199 load imb.: force  8.0%

           Step           Time         Lambda
            200        0.40000        0.00000

   Energies (kJ/mol)
       G96Angle    Proper Dih.  Improper Dih.          LJ-14     Coulomb-14
    1.86791e+03    9.11088e+02    6.01683e+02    3.15712e+02    1.52506e+04
        LJ (SR)   Coulomb (SR)   Coul. recip.      Potential    Kinetic En.
    1.80021e+04   -1.60676e+05   -3.06095e+04   -1.54336e+05    2.74105e+04
   Total Energy    Temperature Pressure (bar)   Constr. rmsd
   -1.26926e+05    3.01744e+02   -7.05315e+01    1.93056e-05

DD  step 399 load imb.: force  8.2%

           Step           Time         Lambda
            400        0.80000        0.00000

   Energies (kJ/mol)
       G96Angle    Proper Dih.  Improper Dih.          LJ-14     Coulomb-14
    2.05908e+03    8.98713e+02    6.57217e+02    2.98542e+02    1.51150e+04
        LJ (SR)   Coulomb (SR)   Coul. recip.      Potential    Kinetic En.
    1.76880e+04   -1.60398e+05   -3.06111e+04   -1.54292e+05    2.70691e+04
   Total Energy    Temperature Pressure (bar)   Constr. rmsd
   -1.27223e+05    2.97986e+02   -5.17756e+02    2.00021e-05

DD  step 599 load imb.: force  8.2%

           Step           Time         Lambda
            600        1.20000        0.00000

   Energies (kJ/mol)
       G96Angle    Proper Dih.  Improper Dih.          LJ-14     Coulomb-14
    1.91457e+03    8.96628e+02    6.02462e+02    3.50779e+02    1.52884e+04
        LJ (SR)   Coulomb (SR)   Coul. recip.      Potential    Kinetic En.
    1.75905e+04   -1.59849e+05   -3.06603e+04   -1.53866e+05    2.67201e+04
   Total Energy    Temperature Pressure (bar)   Constr. rmsd
   -1.27146e+05    2.94144e+02    6.09350e+01    1.78245e-05

DD  step 799 load imb.: force 10.0%

           Step           Time         Lambda
            800        1.60000        0.00000

   Energies (kJ/mol)
       G96Angle    Proper Dih.  Improper Dih.          LJ-14     Coulomb-14
    1.95262e+03    9.37400e+02    5.70078e+02    2.98458e+02    1.51810e+04
        LJ (SR)   Coulomb (SR)   Coul. recip.      Potential    Kinetic En.
    1.66161e+04   -1.58406e+05   -3.06661e+04   -1.53517e+05    2.68573e+04
   Total Energy    Temperature Pressure (bar)   Constr. rmsd
   -1.26660e+05    2.95654e+02   -5.25984e+02    1.97573e-05

DD  step 999 load imb.: force  7.5%

           Step           Time         Lambda
           1000        2.00000        0.00000

Writing checkpoint, step 1000 at Thu Jan 16 14:43:52 2014


   Energies (kJ/mol)
       G96Angle    Proper Dih.  Improper Dih.          LJ-14     Coulomb-14
    2.11710e+03    9.97416e+02    7.11898e+02    3.05913e+02    1.51723e+04
        LJ (SR)   Coulomb (SR)   Coul. recip.      Potential    Kinetic En.
    1.75133e+04   -1.59648e+05   -3.06463e+04   -1.53476e+05    2.64259e+04
   Total Energy    Temperature Pressure (bar)   Constr. rmsd
   -1.27050e+05    2.90906e+02   -1.55279e+02    1.93636e-05

	<======  ###############  ==>
	<====  A V E R A G E S  ====>
	<==  ###############  ======>

	Statistics over 1001 steps using 11 frames

   Energies (kJ/mol)
       G96Angle    Proper Dih.  Improper Dih.          LJ-14     Coulomb-14
    1.97354e+03    9.38044e+02    6.37251e+02    2.98310e+02    1.51790e+04
        LJ (SR)   Coulomb (SR)   Coul. recip.      Potential    Kinetic En.
    1.78999e+04   -1.60318e+05   -3.06369e+04   -1.54028e+05    2.69724e+04
   Total Energy    Temperature Pressure (bar)   Constr. rmsd
   -1.27056e+05    2.96921e+02   -1.18584e+02    0.00000e+00

          Box-X          Box-Y          Box-Z
    5.47339e+00    5.47339e+00    3.87039e+00

   Total Virial (kJ/mol)
    9.25153e+03   -2.12217e+00    1.09474e+02
   -1.86842e+00    9.57272e+03    3.46366e+02
    1.09634e+02    3.47025e+02    9.39430e+03

   Pressure (bar)
   -8.92195e+01   -8.58106e+00   -3.13268e+01
   -8.65023e+00   -1.53419e+02   -1.01870e+02
   -3.13717e+01   -1.02062e+02   -1.13113e+02

      T-Protein      T-solvent
    2.95528e+02    2.97103e+02


	M E G A - F L O P S   A C C O U N T I N G

 NB=Group-cutoff nonbonded kernels    NxN=N-by-N cluster Verlet kernels
 RF=Reaction-Field  VdW=Van der Waals  QSTab=quadratic-spline table
 W3=SPC/TIP3p  W4=TIP4p (single or pairs)
 V&F=Potential and force  V=Potential only  F=Force only

 Computing:                               M-Number         M-Flops  % Flops
-----------------------------------------------------------------------------
 NB VdW [V&F]                            32.981680          32.982     0.0
 NB VdW [F]                            2506.164024        2506.164     1.7
 NB Elec. [V&F]                          52.087064          52.087     0.0
 NB Elec. [F]                          4127.606134        4127.606     2.7
 NB Elec. [W3,V&F]                       17.507434          17.507     0.0
 NB Elec. [W3,F]                       1388.089110        1388.089     0.9
 NB VdW & Elec. [V&F]                    43.625007          43.625     0.0
 NB VdW & Elec. [F]                    3199.283382        3199.283     2.1
 NB VdW & Elec. [W3,V&F]                 49.601008          49.601     0.0
 NB VdW & Elec. [W3,F]                 3820.811972        3820.812     2.5
 NB VdW & Elec. [W3-W3,V&F]            1186.116580        1186.117     0.8
 NB VdW & Elec. [W3-W3,F]             93069.533186       93069.533    61.7
 1,4 nonbonded interactions               2.004002         180.360     0.1
 Calc Weights                            32.837805        1182.161     0.8
 Spread Q Bspline                       700.539840        1401.080     0.9
 Gather F Bspline                       700.539840        4203.239     2.8
 3D-FFT                                3709.617912       29676.943    19.7
 Solve PME                                6.918912         442.810     0.3
 NS-Pairs                                97.116492        2039.446     1.4
 Reset In Box                             0.382891           1.149     0.0
 CG-CoM                                   1.115370           3.346     0.0
 Angles                                   1.897896         318.847     0.2
 Propers                                  0.661661         151.520     0.1
 Impropers                                0.654654         136.168     0.1
 Virial                                   1.158975          20.862     0.0
 Stop-CM                                  0.131220           1.312     0.0
 Calc-Ekin                                2.208870          59.639     0.0
 Lincs                                    2.475057         148.503     0.1
 Lincs-Mat                               42.755604         171.022     0.1
 Constraint-V                            14.621496         116.972     0.1
 Constraint-Vir                           1.224597          29.390     0.0
 Settle                                   3.228657        1042.856     0.7
-----------------------------------------------------------------------------
 Total                                                  150821.034   100.0
-----------------------------------------------------------------------------


    D O M A I N   D E C O M P O S I T I O N   S T A T I S T I C S

 av. #atoms communicated per step for force:  2 x 26638.9
 av. #atoms communicated per step for LINCS:  2 x 1247.8

 Average load imbalance: 8.4 %
 Part of the total run time spent waiting due to load imbalance: 1.8 %


     R E A L   C Y C L E   A N D   T I M E   A C C O U N T I N G

 Computing:         Nodes   Th.     Count  Wall t (s)     G-Cycles       %
-----------------------------------------------------------------------------
 Domain decomp.        12    1        101       0.065        2.171     1.5
 DD comm. load         12    1          6       0.000        0.003     0.0
 Neighbor search       12    1        101       0.216        7.254     5.1
 Comm. coord.          12    1       1001       0.083        2.782     2.0
 Force                 12    1       1001       1.755       58.984    41.7
 Wait + Comm. F        12    1       1001       0.023        0.771     0.5
 PME mesh              12    1       1001       0.954       32.064    22.7
 Write traj.           12    1          6       0.075        2.509     1.8
 Update                12    1       1001       0.050        1.678     1.2
 Constraints           12    1       1001       0.670       22.504    15.9
 Comm. energies        12    1        101       0.298       10.014     7.1
 Rest                  12                       0.022        0.748     0.5
-----------------------------------------------------------------------------
 Total                 12                       4.211      141.482   100.0
-----------------------------------------------------------------------------
-----------------------------------------------------------------------------
 PME redist. X/F       12    1       2002       0.282        9.474     6.7
 PME spread/gather     12    1       2002       0.224        7.527     5.3
 PME 3D-FFT            12    1       2002       0.281        9.443     6.7
 PME 3D-FFT Comm.      12    1       4004       0.119        4.000     2.8
 PME solve             12    1       1001       0.046        1.562     1.1
-----------------------------------------------------------------------------

NOTE: 7 % of the run time was spent communicating energies,
      you might want to use the -gcom option of mdrun


               Core t (s)   Wall t (s)        (%)
       Time:       49.470        4.211     1174.9
                 (ns/day)    (hour/ns)
Performance:       41.079        0.584
Finished mdrun on node 0 Thu Jan 16 14:43:52 2014
